Drill Listing
=============
Drill: .015  Tool: 1  Feed: 95  Speed: 300
X 144000  Y 165500
X 153000  Y 168500
X 154000  Y 179000
X 158000  Y 152500
X 167500  Y 129000
X 208500  Y 202000
X 193800  Y 204000
X 191500  Y 199000
X 190000  Y 204000
X 151500  Y 193500
X 151500  Y 198500
X 148312  Y 191312
X 143500  Y 205500
X 108000  Y 224500
X 109500  Y 214500
X 115000  Y 213000
X 138000  Y 220000
X 155000  Y 210000
X 183000  Y 215500
X 185000  Y 207000
X 205359  Y 219019
X 224000  Y 299000
X 220431  Y 289931
X 175500  Y 299500
X 162526  Y 303850
X 127500  Y 345500
X 128000  Y 325500
X 137400  Y 340000
X 144700  Y 345800
X 179000  Y 307000
X 171000  Y 399000
X 158100  Y 394000
X 149500  Y 385500
X 142300  Y 375000
X 141500  Y 365000
X 138500  Y 375500
X 135000  Y 390000
X 120224  Y 381275
X 121593  Y 450000
X 137100  Y 440000
X 139000  Y 445000
X 142500  Y 440500
X 142500  Y 448000
X 145358  Y 437984
X 151345  Y 453145
X 152000  Y 442000
X 152500  Y 438000
X 157700  Y 442600
X 159282  Y 453163
X 161500  Y 443000
X 163263  Y 453249
X 169300  Y 453000
X 172600  Y 414000
X 175318  Y 453500
X 185029  Y 443000
X 189000  Y 442007
X 191383  Y 453434
X 193000  Y 437000
X 199000  Y 432000
X 200200  Y 441500
X 201000  Y 427500
X 204000  Y 441218
X 208699  Y 439700
X 210500  Y 434000
X 225700  Y 443000
X 245000  Y 455000
X 245000  Y 460000
X 245000  Y 480000
X 235500  Y 478000
X 230187  Y 468687
X 228000  Y 465500
X 227000  Y 471500
X 217187  Y 467800
X 217000  Y 473800
X 217000  Y 478000
X 216874  Y 464000
X 215000  Y 458000
X 211200  Y 458500
X 180309  Y 458509
X 176000  Y 460374
X 173000  Y 458000
X 150500  Y 461500
X 144765  Y 469000
X 144552  Y 464898
X 144000  Y 457500
X 132800  Y 467500
X 131720  Y 476154
X 128800  Y 465925
X 128125  Y 472600
X 126464  Y 478535
X 125500  Y 468000
X 120000  Y 474000
X 121396  Y 481103
X 133000  Y 485374
X 133000  Y 503000
X 143000  Y 487000
X 143000  Y 505000
X 143500  Y 481000
X 215000  Y 491500
X 216097  Y 487027
X 216124  Y 483185
X 217000  Y 499000
X 227000  Y 481000
X 227000  Y 497000
X 237000  Y 493000
X 240000  Y 488000
X 245000  Y 485000
X 227371  Y 514128
X 217000  Y 516500
X 204980  Y 523019
X 197225  Y 511274
X 194500  Y 527000
X 191500  Y 524500
X 187380  Y 526259
X 180970  Y 526759
X 177500  Y 524100
X 163500  Y 527000
X 159980  Y 522500
X 154580  Y 522062
X 152440  Y 525309
X 146000  Y 513000
X 142780  Y 518280
X 133000  Y 516500
X 140125  Y 533500
X 143000  Y 536500
X 149600  Y 549500
X 155000  Y 548000
X 165000  Y 537000
X 175000  Y 537000
X 183000  Y 537000
X 204000  Y 543000
X 209500  Y 555000
X 213800  Y 542300
X 225000  Y 550000
X 248500  Y 544000
X 236500  Y 574500
X 231500  Y 595500
X 210000  Y 605000
X 191000  Y 558000
X 183000  Y 600000
X 180000  Y 580000
X 140156  Y 556743
X 127500  Y 599000
X 127500  Y 639000
X 177500  Y 640000
X 186000  Y 639500
X 189562  Y 647937
X 197000  Y 645000
X 236500  Y 633000
X 236500  Y 673000
X 208500  Y 660500
X 204000  Y 675000
X 190000  Y 680000
X 190000  Y 665000
X 180000  Y 680000
X 127500  Y 679000
X 155000  Y 682500

Drill: .035  Tool: 2  Feed: 197  Speed: 550
X 105000  Y 130000
X 105000  Y 120000
X 105000  Y 110000
X 137500  Y 116000
X 147500  Y 116000
X 157500  Y 116000
X 167500  Y 116000
X 196000  Y 126000
X 196000  Y 116000
X 196000  Y 106000
X 206000  Y 106000
X 206000  Y 116000
X 206000  Y 126000
X 206000  Y 136000
X 206000  Y 146000
X 196000  Y 146000
X 196000  Y 136000
X 167500  Y 146000
X 157500  Y 146000
X 147500  Y 146000
X 137500  Y 146000
X 105000  Y 150000
X 105000  Y 140000
X 105000  Y 180000
X 105000  Y 170000
X 105000  Y 160000
X 132000  Y 159000
X 142000  Y 159000
X 152000  Y 159000
X 162000  Y 159000
X 172000  Y 159000
X 196000  Y 176000
X 196000  Y 166000
X 196000  Y 156000
X 206000  Y 156000
X 206000  Y 166000
X 206000  Y 176000
X 248000  Y 225000
X 218000  Y 225000
X 206000  Y 186000
X 200000  Y 225000
X 196000  Y 186000
X 170000  Y 225000
X 105000  Y 210000
X 105000  Y 220000
X 105000  Y 230000
X 105000  Y 190000
X 105000  Y 200000
X 105000  Y 240000
X 105000  Y 250000
X 170000  Y 235000
X 170000  Y 255000
X 170000  Y 245000
X 200000  Y 245000
X 200000  Y 255000
X 200000  Y 235000
X 218000  Y 245000
X 218000  Y 235000
X 218000  Y 255000
X 248000  Y 235000
X 248000  Y 245000
X 248000  Y 255000
X 248000  Y 265000
X 248000  Y 275000
X 218000  Y 275000
X 218000  Y 265000
X 200000  Y 275000
X 200000  Y 265000
X 170000  Y 275000
X 170000  Y 265000
X 105000  Y 260000
X 105000  Y 270000
X 105000  Y 280000
X 105000  Y 300000
X 105000  Y 290000
X 170000  Y 295000
X 170000  Y 285000
X 200000  Y 295000
X 200000  Y 285000
X 218000  Y 295000
X 218000  Y 285000
X 248000  Y 285000
X 248000  Y 295000
X 250000  Y 332000
X 250000  Y 342000
X 250000  Y 352000
X 220000  Y 352000
X 220000  Y 342000
X 220000  Y 332000
X 203000  Y 352000
X 203000  Y 342000
X 203000  Y 332000
X 190000  Y 352000
X 190000  Y 342000
X 190000  Y 332000
X 105000  Y 350000
X 105000  Y 340000
X 105000  Y 310000
X 105000  Y 330000
X 105000  Y 320000
X 105000  Y 380000
X 105000  Y 370000
X 105000  Y 360000
X 190000  Y 362000
X 190000  Y 372000
X 203000  Y 372000
X 203000  Y 362000
X 220000  Y 372000
X 220000  Y 362000
X 250000  Y 362000
X 250000  Y 372000
X 250000  Y 382000
X 250000  Y 392000
X 250000  Y 402000
X 220000  Y 402000
X 220000  Y 392000
X 220000  Y 382000
X 203000  Y 402000
X 203000  Y 392000
X 203000  Y 382000
X 190000  Y 402000
X 190000  Y 392000
X 190000  Y 382000
X 160000  Y 400000
X 130000  Y 400000
X 105000  Y 400000
X 105000  Y 390000
X 105000  Y 420000
X 105000  Y 430000
X 105000  Y 410000
X 130000  Y 430000
X 130000  Y 420000
X 130000  Y 410000
X 160000  Y 430000
X 160000  Y 410000
X 160000  Y 420000
X 190000  Y 422000
X 190000  Y 412000
X 203000  Y 412000
X 203000  Y 422000
X 220000  Y 422000
X 220000  Y 412000
X 250000  Y 412000
X 250000  Y 422000
X 105000  Y 440000
X 105000  Y 450000
X 105000  Y 470000
X 105000  Y 460000
X 105000  Y 480000
X 105000  Y 500000
X 105000  Y 490000
X 105000  Y 520000
X 105000  Y 530000
X 105000  Y 510000
X 212716  Y 565000
X 195000  Y 565000
X 105000  Y 560000
X 105000  Y 550000
X 105000  Y 580000
X 105000  Y 570000
X 105000  Y 540000
X 105000  Y 600000
X 105000  Y 590000
X 105000  Y 620000
X 105000  Y 610000
X 105000  Y 630000
X 195000  Y 590590
X 212716  Y 590590
X 105000  Y 650000
X 105000  Y 640000
X 105000  Y 680000
X 105000  Y 670000
X 105000  Y 660000

Drill: .037  Tool: 3  Feed: 197  Speed: 550
X 233500  Y 628500
X 243500  Y 628500
X 243500  Y 638500
X 243500  Y 648500
X 243500  Y 658500
X 243500  Y 668500
X 233500  Y 638500
X 233500  Y 658500
X 233500  Y 648500
X 233500  Y 668500

Drill: .05118  Tool: 4  Feed: 107  Speed: 550
X 240000  Y 109900
X 240000  Y 119900
X 240000  Y 129900
X 240000  Y 139900
X 240000  Y 149900
X 240000  Y 159900
X 240000  Y 169900
X 240000  Y 179900
X 240000  Y 189900
X 240000  Y 199900

Drill: .1875  Tool: 5  Feed: 35  Speed: 1033
X 180000  Y 490000

End of Listing
