T2E48 042:475 SEGGER J-Link V6.32g Log File (0001ms, 1501ms total)
T2E48 042:475 DLL Compiled: Jun 15 2018 17:26:15 (0001ms, 1501ms total)
T2E48 042:475 Logging started @ 2019-04-29 01:07 (0001ms, 1501ms total)
T2E48 042:493 JLINK_ExecCommand("Device = AT91SAM3S4B", ...). Device "ATSAM3S4B" selected.  returns 0x00 (0004ms, 1505ms total)
T2E48 042:497 JLINK_TIF_Select(JLINKARM_TIF_JTAG)  returns 0x00 (0001ms, 1506ms total)
T2E48 042:498 JLINK_ConfigJTAG(IRPre = 0, DRPre = 0) (0001ms, 1507ms total)
T2E48 042:499 JLINK_SetSpeed(4000) (0000ms, 1507ms total)
T2E48 042:499 JLINK_ResetPullsRESET(OFF) (0000ms, 1507ms total)
T2E48 042:499 JLINK_Connect() >0x2F8 JTAG>TotalIRLen = 4, IRPrint = 0x01 >0x30 JTAG> >0x30 JTAG>JTAG chain detection found 1 devices: #0 Id: 0x4BA00477, IRLen: 04, CoreSight JTAG-DPScanning AP map to find all available APs >0x78 JTAG> >0x48 JTAG> >0x40 JTAG> >0x40 JTAG> >0x48 JTAG> >0x40 JTAG>AP[1]: Stopped AP scan as end of AP map has been reachedAP[0]: AHB-AP (IDR: 0x24770011)Iterating through AP map to find AHB-AP to use >0x78 JTAG> >0x48 JTAG> >0x48 JTAG> >0x78 JTAG> >0x40 JTAG> >0x30 JTAG>
 >0x40 JTAG> >0x40 JTAG>AP[0]: Core foundAP[0]: AHB-AP ROM base: 0xE00FF000 >0x40 JTAG> >0x40 JTAG> >0x30 JTAG> >0x40 JTAG> >0x40 JTAG>CPUID register: 0x412FC230. Implementer code: 0x41 (ARM)Found Cortex-M3 r2p0, Little endian. -- CPU_ReadMem(4 bytes @ 0xE000EDF0) -- CPU_ReadMem(4 bytes @ 0xE0002000)FPUnit: 6 code (BP) slots and 2 literal slots -- CPU_ReadMem(4 bytes @ 0xE000EDFC) -- CPU_ReadMem(4 bytes @ 0xE0001000) -- CPU_WriteMem(4 bytes @ 0xE0001000) -- CPU_ReadMem(4 bytes @ 0xE000ED88)
 -- CPU_WriteMem(4 bytes @ 0xE000ED88) -- CPU_ReadMem(4 bytes @ 0xE000ED88) -- CPU_WriteMem(4 bytes @ 0xE000ED88)CoreSight components:ROMTbl[0] @ E00FF000 -- CPU_ReadMem(16 bytes @ 0xE00FF000) -- CPU_ReadMem(16 bytes @ 0xE000EFF0) -- CPU_ReadMem(16 bytes @ 0xE000EFE0)ROMTbl[0][0]: E000E000, CID: B105E00D, PID: 002BB000 SCS -- CPU_ReadMem(16 bytes @ 0xE0001FF0) -- CPU_ReadMem(16 bytes @ 0xE0001FE0)ROMTbl[0][1]: E0001000, CID: B105E00D, PID: 002BB002 DWT -- CPU_ReadMem(16 bytes @ 0xE0002FF0)
 -- CPU_ReadMem(16 bytes @ 0xE0002FE0)ROMTbl[0][2]: E0002000, CID: B105E00D, PID: 002BB003 FPB -- CPU_ReadMem(16 bytes @ 0xE0000FF0) -- CPU_ReadMem(16 bytes @ 0xE0000FE0)ROMTbl[0][3]: E0000000, CID: B105E00D, PID: 002BB001 ITM -- CPU_ReadMem(16 bytes @ 0xE00FF010) -- CPU_ReadMem(16 bytes @ 0xE0040FF0) -- CPU_ReadMem(16 bytes @ 0xE0040FE0)ROMTbl[0][4]: E0040000, CID: B105900D, PID: 002BB923 TPIU-Lite  returns 0x00 (0027ms, 1534ms total)
T2E48 042:526 JLINK_Halt()  returns 0x00 (0003ms, 1537ms total)
T2E48 042:732 JLINK_IsHalted()  returns TRUE (0001ms, 1538ms total)
T2E48 042:733 JLINK_GetMOEs(...) -- CPU_ReadMem(4 bytes @ 0xE000ED30)  returns 0x01 (0000ms, 1537ms total)
T2E48 042:733 JLINK_ReadReg(R15 (PC))  returns 0x004003EC (0000ms, 1537ms total)
T21A4 042:743 JLINK_ReadReg(R15 (PC))  returns 0x004003EC (0000ms, 1537ms total)
T21A4 042:743 JLINK_ReadReg(R13 (SP))  returns 0x20000828 (0000ms, 1537ms total)
T21A4 042:744 JLINK_ReadMemHW(0x004003EC, 0x0004 Bytes, ...) -- CPU_ReadMem(4 bytes @ 0x004003EC) - Data: 13 F0 01 0F  returns 0x00 (0001ms, 1538ms total)
T2E48 042:934 JLINK_IsHalted()  returns TRUE (0000ms, 1538ms total)
T2FD8 043:042 JLINK_ReadMem (0x40000000, 0x01C0 Bytes, ...) -- CPU_ReadMem(448 bytes @ 0x40000000) - Data: 00 00 00 00 00 00 00 00 00 00 00 00 00 00 00 00 ...  returns 0x00 (0006ms, 1544ms total)
T2FD8 043:057 JLINK_ReadMem (0x40000000, 0x01C0 Bytes, ...) -- CPU_ReadMem(448 bytes @ 0x40000000) - Data: 00 00 00 00 00 00 00 00 00 00 00 00 00 00 00 00 ...  returns 0x00 (0005ms, 1549ms total)
T2E48 043:134 JLINK_IsHalted()  returns TRUE (0000ms, 1549ms total)
T2FD8 043:305 JLINK_ReadMem (0x400001C0, 0x0038 Bytes, ...) -- CPU_ReadMem(56 bytes @ 0x400001C0) - Data: 00 00 00 00 00 00 00 00 00 00 00 00 00 00 00 00 ...  returns 0x00 (0001ms, 1550ms total)
T2E48 043:335 JLINK_IsHalted()  returns TRUE (0000ms, 1550ms total)
T2FD8 043:348 JLINK_ReadMem (0x40000000, 0x01F8 Bytes, ...) -- CPU_ReadMem(504 bytes @ 0x40000000) - Data: 00 00 00 00 00 00 00 00 00 00 00 00 00 00 00 00 ...  returns 0x00 (0006ms, 1556ms total)
T2FD8 043:357 JLINK_ReadMem (0x40000000, 0x01F8 Bytes, ...) -- CPU_ReadMem(504 bytes @ 0x40000000) - Data: 00 00 00 00 00 00 00 00 00 00 00 00 00 00 00 00 ...  returns 0x00 (0005ms, 1561ms total)
T2E48 043:537 JLINK_IsHalted()  returns TRUE (0000ms, 1561ms total)
T2E48 043:740 JLINK_IsHalted()  returns TRUE (0000ms, 1561ms total)
T2E48 043:941 JLINK_IsHalted()  returns TRUE (0000ms, 1561ms total)
T2E48 044:142 JLINK_IsHalted()  returns TRUE (0000ms, 1561ms total)
T2E48 044:342 JLINK_IsHalted()  returns TRUE (0000ms, 1561ms total)
T2E48 044:545 JLINK_IsHalted()  returns TRUE (0000ms, 1561ms total)
T2E48 044:747 JLINK_IsHalted()  returns TRUE (0000ms, 1561ms total)
T2E48 044:948 JLINK_IsHalted()  returns TRUE (0000ms, 1561ms total)
T2E48 045:149 JLINK_IsHalted()  returns TRUE (0000ms, 1561ms total)
T2E48 045:351 JLINK_IsHalted()  returns TRUE (0000ms, 1561ms total)
T2E48 045:551 JLINK_IsHalted()  returns TRUE (0000ms, 1561ms total)
T2E48 045:753 JLINK_IsHalted()  returns TRUE (0000ms, 1561ms total)
T2E48 045:955 JLINK_IsHalted()  returns TRUE (0000ms, 1561ms total)
T2E48 046:156 JLINK_IsHalted()  returns TRUE (0000ms, 1561ms total)
T2E48 046:359 JLINK_IsHalted()  returns TRUE (0000ms, 1561ms total)
T2E48 046:562 JLINK_IsHalted()  returns TRUE (0000ms, 1561ms total)
T2E48 046:762 JLINK_IsHalted()  returns TRUE (0000ms, 1561ms total)
T2E48 046:963 JLINK_IsHalted()  returns TRUE (0000ms, 1561ms total)
T2E48 047:164 JLINK_IsHalted()  returns TRUE (0000ms, 1561ms total)
T2E48 047:366 JLINK_IsHalted()  returns TRUE (0000ms, 1561ms total)
T2E48 047:567 JLINK_IsHalted()  returns TRUE (0000ms, 1561ms total)
T2E48 047:769 JLINK_IsHalted()  returns TRUE (0000ms, 1561ms total)
T2E48 047:970 JLINK_IsHalted()  returns TRUE (0000ms, 1561ms total)
T2E48 048:174 JLINK_IsHalted()  returns FALSE (0000ms, 1561ms total)
T2E48 048:379 JLINK_IsHalted()  returns FALSE (0001ms, 1562ms total)
T2E48 048:582 JLINK_IsHalted()  returns FALSE (0001ms, 1562ms total)
T2E48 048:786 JLINK_IsHalted()  returns FALSE (0000ms, 1561ms total)
T2E48 048:987 JLINK_IsHalted()  returns FALSE (0000ms, 1561ms total)
T2E48 049:187 JLINK_IsHalted()  returns FALSE (0000ms, 1561ms total)
T2E48 049:388 JLINK_IsHalted()  returns FALSE (0000ms, 1561ms total)
T2E48 049:588 JLINK_IsHalted()  returns FALSE (0000ms, 1561ms total)
T2E48 049:789 JLINK_IsHalted()  returns FALSE (0000ms, 1561ms total)
T2E48 049:990 JLINK_IsHalted()  returns FALSE (0000ms, 1561ms total)
T2E48 050:193 JLINK_IsHalted()  returns FALSE (0000ms, 1561ms total)
T2E48 050:396 JLINK_IsHalted()  returns FALSE (0000ms, 1561ms total)
T2E48 050:597 JLINK_IsHalted()  returns FALSE (0000ms, 1561ms total)
T2E48 050:798 JLINK_IsHalted()  returns FALSE (0000ms, 1561ms total)
T2E48 050:999 JLINK_IsHalted()  returns FALSE (0000ms, 1561ms total)
T2E48 051:202 JLINK_IsHalted()  returns FALSE (0000ms, 1561ms total)
T2E48 051:403 JLINK_IsHalted()  returns FALSE (0000ms, 1561ms total)
T2E48 051:607 JLINK_IsHalted()  returns FALSE (0000ms, 1561ms total)
T2E48 051:808 JLINK_IsHalted()  returns FALSE (0000ms, 1561ms total)
T2E48 052:008 JLINK_IsHalted()  returns FALSE (0000ms, 1561ms total)
T2E48 052:210 JLINK_IsHalted()  returns FALSE (0001ms, 1562ms total)
T2E48 052:412 JLINK_IsHalted()  returns FALSE (0000ms, 1561ms total)
T2E48 052:615 JLINK_IsHalted()  returns FALSE (0000ms, 1561ms total)
T2E48 052:816 JLINK_IsHalted()  returns FALSE (0001ms, 1562ms total)
T2E48 053:018 JLINK_IsHalted()  returns FALSE (0000ms, 1561ms total)
T2E48 053:219 JLINK_IsHalted()  returns FALSE (0000ms, 1561ms total)
T2E48 053:420 JLINK_IsHalted()  returns FALSE (0000ms, 1561ms total)
T2E48 053:621 JLINK_IsHalted()  returns FALSE (0000ms, 1561ms total)
T2E48 053:823 JLINK_IsHalted()  returns FALSE (0000ms, 1561ms total)
T2E48 054:024 JLINK_IsHalted()  returns FALSE (0000ms, 1561ms total)
T2E48 054:226 JLINK_IsHalted()  returns FALSE (0001ms, 1562ms total)
T2E48 054:427 JLINK_IsHalted()  returns FALSE (0001ms, 1562ms total)
T2E48 054:629 JLINK_IsHalted()  returns FALSE (0000ms, 1561ms total)
T2E48 054:829 JLINK_IsHalted()  returns FALSE (0000ms, 1561ms total)
T2E48 055:030 JLINK_IsHalted()  returns FALSE (0000ms, 1561ms total)
T2E48 055:230 JLINK_IsHalted()  returns FALSE (0000ms, 1561ms total)
T2E48 055:432 JLINK_IsHalted()  returns FALSE (0000ms, 1561ms total)
T2E48 055:633 JLINK_IsHalted()  returns FALSE (0001ms, 1562ms total)
T2E48 055:834 JLINK_IsHalted()  returns FALSE (0000ms, 1561ms total)
T2E48 056:037 JLINK_IsHalted()  returns FALSE (0001ms, 1562ms total)
T2E48 056:243 JLINK_IsHalted()  returns FALSE (0001ms, 1562ms total)
T2E48 056:446 JLINK_IsHalted()  returns FALSE (0000ms, 1561ms total)
T2E48 056:646 JLINK_IsHalted()  returns FALSE (0001ms, 1562ms total)
T2E48 056:847 JLINK_IsHalted()  returns FALSE (0000ms, 1561ms total)
T2E48 057:051 JLINK_IsHalted()  returns FALSE (0001ms, 1562ms total)
T2E48 057:254 JLINK_IsHalted()  returns FALSE (0000ms, 1561ms total)
T2E48 057:456 JLINK_IsHalted()  returns FALSE (0001ms, 1562ms total)
T2E48 057:659 JLINK_IsHalted()  returns FALSE (0000ms, 1561ms total)
T2E48 057:865 JLINK_IsHalted()  returns FALSE (0000ms, 1561ms total)
T2E48 058:066 JLINK_IsHalted()  returns FALSE (0000ms, 1561ms total)
T2E48 058:267 JLINK_IsHalted()  returns FALSE (0000ms, 1561ms total)
T2E48 058:471 JLINK_IsHalted()  returns FALSE (0001ms, 1562ms total)
T2E48 058:672 JLINK_IsHalted()  returns FALSE (0001ms, 1562ms total)
T2E48 058:874 JLINK_IsHalted()  returns FALSE (0001ms, 1562ms total)
T2E48 059:077 JLINK_IsHalted()  returns FALSE (0000ms, 1561ms total)
T2E48 059:278 JLINK_IsHalted()  returns FALSE (0000ms, 1561ms total)
T2E48 059:480 JLINK_IsHalted()  returns FALSE (0001ms, 1562ms total)
T2E48 059:684 JLINK_IsHalted()  returns FALSE (0001ms, 1562ms total)
T2E48 059:885 JLINK_IsHalted()  returns FALSE (0000ms, 1561ms total)
T2E48 060:086 JLINK_IsHalted()  returns FALSE (0001ms, 1562ms total)
T2E48 060:288 JLINK_IsHalted()  returns FALSE (0000ms, 1561ms total)
T2E48 060:489 JLINK_IsHalted()  returns FALSE (0001ms, 1562ms total)
T2E48 060:695 JLINK_IsHalted()  returns FALSE (0000ms, 1561ms total)
T2E48 060:898 JLINK_IsHalted()  returns FALSE (0001ms, 1562ms total)
T2E48 061:100 JLINK_IsHalted()  returns FALSE (0001ms, 1562ms total)
T2E48 061:303 JLINK_IsHalted()  returns FALSE (0001ms, 1562ms total)
T2E48 061:505 JLINK_IsHalted()  returns FALSE (0001ms, 1562ms total)
T2E48 061:706 JLINK_IsHalted()  returns FALSE (0001ms, 1562ms total)
T2E48 061:908 JLINK_IsHalted()  returns FALSE (0001ms, 1562ms total)
T2E48 062:111 JLINK_IsHalted()  returns FALSE (0000ms, 1561ms total)
T2E48 062:313 JLINK_IsHalted()  returns FALSE (0001ms, 1562ms total)
T2E48 062:515 JLINK_IsHalted()  returns FALSE (0000ms, 1561ms total)
T2E48 062:715 JLINK_IsHalted()  returns FALSE (0000ms, 1561ms total)
T2E48 062:917 JLINK_IsHalted()  returns FALSE (0000ms, 1561ms total)
T2E48 063:119 JLINK_IsHalted()  returns FALSE (0000ms, 1561ms total)
T2E48 063:320 JLINK_IsHalted()  returns FALSE (0001ms, 1562ms total)
T2E48 063:522 JLINK_IsHalted()  returns FALSE (0000ms, 1561ms total)
T2E48 063:725 JLINK_IsHalted()  returns FALSE (0001ms, 1562ms total)
T2E48 063:928 JLINK_IsHalted()  returns FALSE (0000ms, 1561ms total)
T2E48 064:128 JLINK_IsHalted()  returns FALSE (0000ms, 1561ms total)
T2E48 064:331 JLINK_IsHalted()  returns FALSE (0000ms, 1561ms total)
T2E48 064:533 JLINK_IsHalted()  returns FALSE (0001ms, 1562ms total)
T2E48 064:738 JLINK_IsHalted()  returns FALSE (0000ms, 1561ms total)
T2E48 064:943 JLINK_IsHalted()  returns FALSE (0000ms, 1561ms total)
T2E48 065:146 JLINK_IsHalted()  returns FALSE (0000ms, 1561ms total)
T2E48 065:347 JLINK_IsHalted()  returns FALSE (0001ms, 1562ms total)
T2E48 065:550 JLINK_IsHalted()  returns FALSE (0001ms, 1562ms total)
T2E48 065:752 JLINK_IsHalted()  returns FALSE (0000ms, 1561ms total)
T2E48 065:955 JLINK_IsHalted()  returns FALSE (0000ms, 1561ms total)
T2E48 066:160 JLINK_IsHalted()  returns FALSE (0000ms, 1561ms total)
T2E48 066:363 JLINK_IsHalted()  returns FALSE (0000ms, 1561ms total)
T2E48 066:567 JLINK_IsHalted()  returns FALSE (0000ms, 1561ms total)
T2E48 066:768 JLINK_IsHalted()  returns FALSE (0000ms, 1561ms total)
T2E48 066:970 JLINK_IsHalted()  returns FALSE (0001ms, 1562ms total)
T2E48 067:175 JLINK_IsHalted()  returns FALSE (0000ms, 1561ms total)
T2E48 067:378 JLINK_IsHalted()  returns FALSE (0000ms, 1561ms total)
T2E48 067:581 JLINK_IsHalted()  returns FALSE (0000ms, 1561ms total)
T2E48 067:782 JLINK_IsHalted()  returns FALSE (0000ms, 1561ms total)
T2E48 067:984 JLINK_IsHalted()  returns FALSE (0000ms, 1561ms total)
T2E48 068:185 JLINK_IsHalted()  returns FALSE (0000ms, 1561ms total)
T2E48 068:386 JLINK_IsHalted()  returns FALSE (0000ms, 1561ms total)
T2E48 068:588 JLINK_IsHalted()  returns FALSE (0001ms, 1562ms total)
T2E48 068:789 JLINK_IsHalted()  returns FALSE (0000ms, 1561ms total)
T2E48 068:990 JLINK_IsHalted()  returns FALSE (0000ms, 1561ms total)
T2E48 069:190 JLINK_IsHalted()  returns FALSE (0000ms, 1561ms total)
T2E48 069:391 JLINK_IsHalted()  returns FALSE (0000ms, 1561ms total)
T2E48 069:592 JLINK_IsHalted()  returns FALSE (0000ms, 1561ms total)
T2E48 069:792 JLINK_IsHalted()  returns FALSE (0001ms, 1562ms total)
T2E48 069:993 JLINK_IsHalted()  returns FALSE (0001ms, 1562ms total)
T2E48 070:195 JLINK_IsHalted()  returns FALSE (0000ms, 1561ms total)
T2E48 070:395 JLINK_IsHalted()  returns FALSE (0000ms, 1561ms total)
T2E48 070:595 JLINK_IsHalted()  returns FALSE (0000ms, 1561ms total)
T2E48 070:796 JLINK_IsHalted()  returns FALSE (0000ms, 1561ms total)
T2E48 070:998 JLINK_IsHalted()  returns FALSE (0001ms, 1562ms total)
T2E48 071:199 JLINK_IsHalted()  returns FALSE (0000ms, 1561ms total)
T2E48 071:399 JLINK_IsHalted()  returns FALSE (0000ms, 1561ms total)
T2E48 071:601 JLINK_IsHalted()  returns FALSE (0000ms, 1561ms total)
T2E48 071:801 JLINK_IsHalted()  returns FALSE (0000ms, 1561ms total)
T2E48 072:002 JLINK_IsHalted()  returns FALSE (0001ms, 1562ms total)
T2E48 072:206 JLINK_IsHalted()  returns FALSE (0000ms, 1561ms total)
T2E48 072:407 JLINK_IsHalted()  returns FALSE (0000ms, 1561ms total)
T2E48 072:608 JLINK_IsHalted()  returns FALSE (0001ms, 1562ms total)
T2E48 072:810 JLINK_IsHalted()  returns FALSE (0000ms, 1561ms total)
T2E48 073:011 JLINK_IsHalted()  returns FALSE (0000ms, 1561ms total)
T2E48 073:212 JLINK_IsHalted()  returns FALSE (0000ms, 1561ms total)
T2E48 073:414 JLINK_IsHalted()  returns FALSE (0001ms, 1562ms total)
T2E48 073:619 JLINK_IsHalted()  returns FALSE (0001ms, 1562ms total)
T2E48 073:822 JLINK_IsHalted()  returns FALSE (0000ms, 1561ms total)
T2E48 074:022 JLINK_IsHalted()  returns FALSE (0000ms, 1561ms total)
T2E48 074:222 JLINK_IsHalted()  returns FALSE (0000ms, 1561ms total)
T2E48 074:424 JLINK_IsHalted()  returns FALSE (0001ms, 1562ms total)
T2E48 074:627 JLINK_IsHalted()  returns FALSE (0001ms, 1562ms total)
T2E48 074:831 JLINK_IsHalted()  returns FALSE (0000ms, 1561ms total)
T2E48 075:031 JLINK_IsHalted()  returns FALSE (0000ms, 1561ms total)
T2E48 075:234 JLINK_IsHalted()  returns FALSE (0000ms, 1561ms total)
T2E48 075:437 JLINK_IsHalted()  returns FALSE (0001ms, 1562ms total)
T2E48 075:640 JLINK_IsHalted()  returns FALSE (0000ms, 1561ms total)
T2E48 075:842 JLINK_IsHalted()  returns FALSE (0000ms, 1561ms total)
T2E48 076:044 JLINK_IsHalted()  returns FALSE (0003ms, 1564ms total)
T2E48 076:247 JLINK_IsHalted()  returns FALSE (0000ms, 1561ms total)
T2E48 076:447 JLINK_IsHalted()  returns FALSE (0000ms, 1561ms total)
T2E48 076:649 JLINK_IsHalted()  returns FALSE (0000ms, 1561ms total)
T2E48 076:850 JLINK_IsHalted()  returns FALSE (0001ms, 1562ms total)
T2E48 077:054 JLINK_IsHalted()  returns FALSE (0000ms, 1561ms total)
T2E48 077:257 JLINK_IsHalted()  returns FALSE (0000ms, 1561ms total)
T2E48 077:458 JLINK_IsHalted()  returns FALSE (0001ms, 1562ms total)
T2E48 077:661 JLINK_IsHalted()  returns FALSE (0001ms, 1562ms total)
T2E48 077:865 JLINK_IsHalted()  returns FALSE (0000ms, 1561ms total)
T2E48 078:070 JLINK_IsHalted()  returns FALSE (0000ms, 1561ms total)
T2E48 078:271 JLINK_IsHalted()  returns FALSE (0000ms, 1561ms total)
T2E48 078:471 JLINK_IsHalted()  returns FALSE (0000ms, 1561ms total)
T2E48 078:675 JLINK_IsHalted()  returns FALSE (0001ms, 1562ms total)
T2E48 078:878 JLINK_IsHalted()  returns FALSE (0000ms, 1561ms total)
T2E48 079:080 JLINK_IsHalted()  returns FALSE (0001ms, 1562ms total)
T2E48 079:281 JLINK_IsHalted()  returns FALSE (0001ms, 1562ms total)
T2E48 079:488 JLINK_IsHalted()  returns FALSE (0000ms, 1561ms total)
T2E48 079:692 JLINK_IsHalted()  returns FALSE (0001ms, 1562ms total)
T2E48 079:894 JLINK_IsHalted()  returns FALSE (0001ms, 1562ms total)
T2E48 080:096 JLINK_IsHalted()  returns FALSE (0000ms, 1561ms total)
T2E48 080:301 JLINK_IsHalted()  returns FALSE (0001ms, 1562ms total)
T2E48 080:504 JLINK_IsHalted()  returns FALSE (0000ms, 1561ms total)
T2E48 080:704 JLINK_IsHalted()  returns FALSE (0000ms, 1561ms total)
T2E48 080:905 JLINK_IsHalted()  returns FALSE (0000ms, 1561ms total)
T2E48 081:110 JLINK_IsHalted()  returns FALSE (0001ms, 1562ms total)
T2E48 081:312 JLINK_IsHalted()  returns FALSE (0000ms, 1561ms total)
T2E48 081:515 JLINK_IsHalted()  returns FALSE (0001ms, 1562ms total)
T2E48 081:717 JLINK_IsHalted()  returns FALSE (0000ms, 1561ms total)
T2E48 081:921 JLINK_IsHalted()  returns FALSE (0001ms, 1562ms total)
T2E48 082:124 JLINK_IsHalted()  returns FALSE (0000ms, 1561ms total)
T2E48 082:325 JLINK_IsHalted()  returns FALSE (0001ms, 1562ms total)
T2E48 082:527 JLINK_IsHalted()  returns FALSE (0001ms, 1562ms total)
T2E48 082:732 JLINK_IsHalted()  returns FALSE (0000ms, 1561ms total)
T2E48 082:932 JLINK_IsHalted()  returns FALSE (0001ms, 1562ms total)
T2E48 083:133 JLINK_IsHalted()  returns FALSE (0000ms, 1561ms total)
T2E48 083:333 JLINK_IsHalted()  returns FALSE (0001ms, 1562ms total)
T2E48 083:536 JLINK_IsHalted()  returns FALSE (0000ms, 1561ms total)
T2E48 083:738 JLINK_IsHalted()  returns FALSE (0000ms, 1561ms total)
T2E48 083:944 JLINK_IsHalted()  returns FALSE (0000ms, 1561ms total)
T2E48 084:144 JLINK_IsHalted()  returns FALSE (0001ms, 1562ms total)
T2E48 084:347 JLINK_IsHalted()  returns FALSE (0000ms, 1561ms total)
T2E48 084:548 JLINK_IsHalted()  returns FALSE (0000ms, 1561ms total)
T2E48 084:748 JLINK_IsHalted()  returns FALSE (0000ms, 1561ms total)
T2E48 084:948 JLINK_IsHalted()  returns FALSE (0000ms, 1561ms total)
T2E48 085:150 JLINK_IsHalted()  returns FALSE (0000ms, 1561ms total)
T2E48 085:350 JLINK_IsHalted()  returns FALSE (0000ms, 1561ms total)
T2E48 085:552 JLINK_IsHalted()  returns FALSE (0000ms, 1561ms total)
T2E48 085:754 JLINK_IsHalted()  returns FALSE (0000ms, 1561ms total)
T2E48 085:955 JLINK_IsHalted()  returns FALSE (0000ms, 1561ms total)
T2E48 086:156 JLINK_IsHalted()  returns FALSE (0001ms, 1562ms total)
T2E48 086:357 JLINK_IsHalted()  returns FALSE (0000ms, 1561ms total)
T2E48 086:557 JLINK_IsHalted()  returns FALSE (0001ms, 1562ms total)
T2E48 086:759 JLINK_IsHalted()  returns FALSE (0001ms, 1562ms total)
T2E48 086:962 JLINK_IsHalted()  returns FALSE (0001ms, 1562ms total)
T2E48 087:168 JLINK_IsHalted()  returns FALSE (0000ms, 1561ms total)
T2E48 087:374 JLINK_IsHalted()  returns FALSE (0000ms, 1561ms total)
T2E48 087:576 JLINK_IsHalted()  returns FALSE (0000ms, 1561ms total)
T2E48 087:776 JLINK_IsHalted()  returns FALSE (0001ms, 1562ms total)
T2E48 087:979 JLINK_IsHalted()  returns FALSE (0000ms, 1561ms total)
T2E48 088:180 JLINK_IsHalted()  returns FALSE (0000ms, 1561ms total)
T2E48 088:380 JLINK_IsHalted()  returns FALSE (0000ms, 1561ms total)
T2E48 088:581 JLINK_IsHalted()  returns FALSE (0001ms, 1562ms total)
T2E48 088:783 JLINK_IsHalted()  returns FALSE (0000ms, 1561ms total)
T2E48 088:983 JLINK_IsHalted()  returns FALSE (0001ms, 1562ms total)
T2E48 089:184 JLINK_IsHalted()  returns FALSE (0001ms, 1562ms total)
T2E48 089:386 JLINK_IsHalted()  returns FALSE (0000ms, 1561ms total)
T2E48 089:587 JLINK_IsHalted()  returns FALSE (0000ms, 1561ms total)
T2E48 089:791 JLINK_IsHalted()  returns FALSE (0000ms, 1561ms total)
T2E48 089:993 JLINK_IsHalted()  returns FALSE (0001ms, 1562ms total)
T2E48 090:195 JLINK_IsHalted()  returns FALSE (0000ms, 1561ms total)
T2E48 090:398 JLINK_IsHalted()  returns FALSE (0000ms, 1561ms total)
T2E48 090:600 JLINK_IsHalted()  returns FALSE (0001ms, 1562ms total)
T2E48 090:801 JLINK_IsHalted()  returns FALSE (0000ms, 1561ms total)
T2E48 091:002 JLINK_IsHalted()  returns FALSE (0001ms, 1562ms total)
T2E48 091:203 JLINK_IsHalted()  returns FALSE (0001ms, 1562ms total)
T2E48 091:404 JLINK_IsHalted()  returns FALSE (0001ms, 1562ms total)
T2E48 091:610 JLINK_IsHalted()  returns FALSE (0000ms, 1561ms total)
T2E48 091:811 JLINK_IsHalted()  returns FALSE (0000ms, 1561ms total)
T2E48 092:012 JLINK_IsHalted()  returns FALSE (0000ms, 1561ms total)
T2E48 092:213 JLINK_IsHalted()  returns FALSE (0001ms, 1562ms total)
T2E48 092:415 JLINK_IsHalted()  returns FALSE (0000ms, 1561ms total)
T2E48 092:617 JLINK_IsHalted()  returns FALSE (0000ms, 1561ms total)
T2E48 092:817 JLINK_IsHalted()  returns FALSE (0001ms, 1562ms total)
T2E48 093:020 JLINK_IsHalted()  returns FALSE (0000ms, 1561ms total)
T2E48 093:221 JLINK_IsHalted()  returns FALSE (0000ms, 1561ms total)
T2E48 093:423 JLINK_IsHalted()  returns FALSE (0000ms, 1561ms total)
T2E48 093:623 JLINK_IsHalted()  returns FALSE (0000ms, 1561ms total)
T2E48 093:824 JLINK_IsHalted()  returns FALSE (0000ms, 1561ms total)
T2E48 094:025 JLINK_IsHalted()  returns FALSE (0000ms, 1561ms total)
T2E48 094:226 JLINK_IsHalted()  returns FALSE (0001ms, 1562ms total)
T2E48 094:427 JLINK_IsHalted()  returns FALSE (0001ms, 1562ms total)
T2E48 094:629 JLINK_IsHalted()  returns FALSE (0000ms, 1561ms total)
T2E48 094:830 JLINK_IsHalted()  returns FALSE (0001ms, 1562ms total)
T2E48 095:031 JLINK_IsHalted()  returns FALSE (0001ms, 1562ms total)
T2E48 095:232 JLINK_IsHalted()  returns FALSE (0000ms, 1562ms total)
T2E48 095:436 JLINK_IsHalted()  returns FALSE (0000ms, 1562ms total)
T2E48 095:639 JLINK_IsHalted()  returns FALSE (0000ms, 1562ms total)
T2E48 095:840 JLINK_IsHalted()  returns FALSE (0000ms, 1562ms total)
T2E48 096:044 JLINK_IsHalted()  returns FALSE (0000ms, 1562ms total)
T2E48 096:246 JLINK_IsHalted()  returns FALSE (0000ms, 1562ms total)
T2E48 096:448 JLINK_IsHalted()  returns FALSE (0000ms, 1563ms total)
T2E48 096:648 JLINK_IsHalted()  returns FALSE (0000ms, 1563ms total)
T2E48 096:853 JLINK_IsHalted()  returns FALSE (0000ms, 1563ms total)
T2E48 097:054 JLINK_IsHalted()  returns FALSE (0000ms, 1563ms total)
T2E48 097:255 JLINK_IsHalted()  returns FALSE (0000ms, 1563ms total)
T2E48 097:456 JLINK_IsHalted()  returns FALSE (0001ms, 1564ms total)
T2E48 097:659 JLINK_IsHalted()  returns FALSE (0001ms, 1564ms total)
T2E48 097:863 JLINK_IsHalted()  returns FALSE (0001ms, 1564ms total)
T2E48 098:067 JLINK_IsHalted()  returns FALSE (0000ms, 1563ms total)
T2E48 098:268 JLINK_IsHalted()  returns FALSE (0000ms, 1563ms total)
T2E48 098:468 JLINK_IsHalted()  returns FALSE (0001ms, 1564ms total)
T2E48 098:673 JLINK_IsHalted()  returns FALSE (0000ms, 1563ms total)
T2E48 098:875 JLINK_IsHalted()  returns FALSE (0000ms, 1563ms total)
T2E48 099:075 JLINK_IsHalted()  returns FALSE (0000ms, 1563ms total)
T2E48 099:278 JLINK_IsHalted()  returns FALSE (0000ms, 1563ms total)
T2E48 099:478 JLINK_IsHalted()  returns FALSE (0000ms, 1563ms total)
T2E48 099:681 JLINK_IsHalted()  returns FALSE (0000ms, 1563ms total)
T2E48 099:882 JLINK_IsHalted()  returns FALSE (0001ms, 1564ms total)
T2E48 100:084 JLINK_IsHalted()  returns FALSE (0000ms, 1563ms total)
T2E48 100:287 JLINK_IsHalted()  returns FALSE (0000ms, 1563ms total)
T2E48 100:490 JLINK_IsHalted()  returns FALSE (0000ms, 1563ms total)
T2E48 100:691 JLINK_IsHalted()  returns FALSE (0001ms, 1564ms total)
T2E48 100:894 JLINK_IsHalted()  returns FALSE (0000ms, 1563ms total)
T2E48 101:097 JLINK_IsHalted()  returns FALSE (0000ms, 1563ms total)
T2E48 101:301 JLINK_IsHalted()  returns FALSE (0000ms, 1563ms total)
T2E48 101:502 JLINK_IsHalted()  returns FALSE (0000ms, 1563ms total)
T2E48 101:703 JLINK_IsHalted()  returns FALSE (0001ms, 1564ms total)
T2E48 101:904 JLINK_IsHalted()  returns FALSE (0000ms, 1563ms total)
T2E48 102:108 JLINK_IsHalted()  returns FALSE (0001ms, 1564ms total)
T2E48 102:309 JLINK_IsHalted()  returns FALSE (0000ms, 1563ms total)
T2E48 102:510 JLINK_IsHalted()  returns FALSE (0000ms, 1563ms total)
T2E48 102:710 JLINK_IsHalted()  returns FALSE (0001ms, 1564ms total)
T2E48 102:912 JLINK_IsHalted()  returns FALSE (0000ms, 1563ms total)
T2E48 103:113 JLINK_IsHalted()  returns FALSE (0000ms, 1563ms total)
T2E48 103:315 JLINK_IsHalted()  returns FALSE (0000ms, 1563ms total)
T2E48 103:516 JLINK_IsHalted()  returns FALSE (0000ms, 1563ms total)
T2E48 103:722 JLINK_IsHalted()  returns FALSE (0001ms, 1564ms total)
T2E48 103:926 JLINK_IsHalted()  returns FALSE (0000ms, 1563ms total)
T2E48 104:131 JLINK_IsHalted()  returns FALSE (0000ms, 1563ms total)
T2E48 104:335 JLINK_IsHalted()  returns FALSE (0000ms, 1563ms total)
T2E48 104:537 JLINK_IsHalted()  returns FALSE (0000ms, 1563ms total)
T2E48 104:738 JLINK_IsHalted()  returns FALSE (0000ms, 1563ms total)
T2E48 104:940 JLINK_IsHalted()  returns FALSE (0000ms, 1563ms total)
T2E48 105:140 JLINK_IsHalted()  returns FALSE (0000ms, 1563ms total)
T2E48 105:341 JLINK_IsHalted()  returns FALSE (0000ms, 1563ms total)
T2E48 105:541 JLINK_IsHalted()  returns FALSE (0000ms, 1563ms total)
T2E48 105:743 JLINK_IsHalted()  returns FALSE (0000ms, 1563ms total)
T2E48 105:946 JLINK_IsHalted()  returns FALSE (0000ms, 1563ms total)
T2E48 106:146 JLINK_IsHalted()  returns FALSE (0001ms, 1564ms total)
T2E48 106:347 JLINK_IsHalted()  returns FALSE (0001ms, 1564ms total)
T2E48 106:549 JLINK_IsHalted()  returns FALSE (0000ms, 1563ms total)
T2E48 106:749 JLINK_IsHalted()  returns FALSE (0000ms, 1563ms total)
T2E48 106:951 JLINK_IsHalted()  returns FALSE (0000ms, 1563ms total)
T2E48 107:151 JLINK_IsHalted()  returns FALSE (0000ms, 1563ms total)
T2E48 107:356 JLINK_IsHalted()  returns FALSE (0000ms, 1563ms total)
T2E48 107:556 JLINK_IsHalted()  returns FALSE (0001ms, 1564ms total)
T2E48 107:758 JLINK_IsHalted()  returns FALSE (0000ms, 1563ms total)
T2E48 107:960 JLINK_IsHalted()  returns FALSE (0001ms, 1564ms total)
T2E48 108:164 JLINK_IsHalted()  returns FALSE (0000ms, 1563ms total)
T2E48 108:365 JLINK_IsHalted()  returns FALSE (0000ms, 1563ms total)
T2E48 108:566 JLINK_IsHalted()  returns FALSE (0000ms, 1563ms total)
T2E48 108:768 JLINK_IsHalted()  returns FALSE (0000ms, 1563ms total)
T2E48 108:968 JLINK_IsHalted()  returns FALSE (0001ms, 1564ms total)
T2E48 109:171 JLINK_IsHalted()  returns FALSE (0001ms, 1564ms total)
T2E48 109:372 JLINK_IsHalted()  returns FALSE (0001ms, 1564ms total)
T2E48 109:575 JLINK_IsHalted()  returns FALSE (0000ms, 1563ms total)
T2E48 109:776 JLINK_IsHalted()  returns FALSE (0000ms, 1563ms total)
T2E48 109:983 JLINK_IsHalted()  returns FALSE (0000ms, 1563ms total)
T2E48 110:185 JLINK_IsHalted()  returns FALSE (0000ms, 1563ms total)
T2E48 110:387 JLINK_IsHalted()  returns FALSE (0000ms, 1563ms total)
T2E48 110:588 JLINK_IsHalted()  returns FALSE (0000ms, 1563ms total)
T2E48 110:790 JLINK_IsHalted()  returns FALSE (0000ms, 1563ms total)
T2E48 110:991 JLINK_IsHalted()  returns FALSE (0001ms, 1564ms total)
T2E48 111:193 JLINK_IsHalted()  returns FALSE (0000ms, 1563ms total)
T2E48 111:395 JLINK_IsHalted()  returns FALSE (0000ms, 1563ms total)
T2E48 111:597 JLINK_IsHalted()  returns FALSE (0000ms, 1563ms total)
T2E48 111:797 JLINK_IsHalted()  returns FALSE (0000ms, 1563ms total)
T2E48 111:999 JLINK_IsHalted()  returns FALSE (0000ms, 1563ms total)
T2E48 112:201 JLINK_IsHalted()  returns FALSE (0000ms, 1563ms total)
T2E48 112:402 JLINK_IsHalted()  returns FALSE (0000ms, 1563ms total)
T2E48 112:608 JLINK_IsHalted()  returns FALSE (0000ms, 1563ms total)
T2E48 112:809 JLINK_IsHalted()  returns FALSE (0000ms, 1563ms total)
T2E48 113:010 JLINK_IsHalted()  returns FALSE (0000ms, 1563ms total)
T2E48 113:211 JLINK_IsHalted()  returns FALSE (0000ms, 1563ms total)
T2E48 113:412 JLINK_IsHalted()  returns FALSE (0000ms, 1563ms total)
T2E48 113:615 JLINK_IsHalted()  returns FALSE (0000ms, 1563ms total)
T2E48 113:818 JLINK_IsHalted()  returns FALSE (0001ms, 1564ms total)
T2E48 114:021 JLINK_IsHalted()  returns FALSE (0001ms, 1564ms total)
T2E48 114:224 JLINK_IsHalted()  returns FALSE (0001ms, 1564ms total)
T2E48 114:429 JLINK_IsHalted()  returns FALSE (0001ms, 1564ms total)
T2E48 114:632 JLINK_IsHalted()  returns FALSE (0001ms, 1564ms total)
T2E48 114:836 JLINK_IsHalted()  returns FALSE (0000ms, 1563ms total)
T2E48 115:036 JLINK_IsHalted()  returns FALSE (0001ms, 1564ms total)
T2E48 115:237 JLINK_IsHalted()  returns FALSE (0001ms, 1564ms total)
T2E48 115:439 JLINK_IsHalted()  returns FALSE (0000ms, 1563ms total)
T2E48 115:639 JLINK_IsHalted()  returns FALSE (0001ms, 1564ms total)
T2E48 115:845 JLINK_IsHalted()  returns FALSE (0001ms, 1564ms total)
T2E48 116:050 JLINK_IsHalted()  returns FALSE (0000ms, 1563ms total)
T2E48 116:252 JLINK_IsHalted()  returns FALSE (0000ms, 1563ms total)
T2E48 116:453 JLINK_IsHalted()  returns FALSE (0001ms, 1564ms total)
T2E48 116:655 JLINK_IsHalted()  returns FALSE (0001ms, 1564ms total)
T2E48 116:859 JLINK_IsHalted()  returns FALSE (0001ms, 1564ms total)
T2E48 117:064 JLINK_IsHalted()  returns FALSE (0000ms, 1563ms total)
T2E48 117:266 JLINK_IsHalted()  returns FALSE (0001ms, 1564ms total)
T2E48 117:472 JLINK_IsHalted()  returns FALSE (0000ms, 1563ms total)
T2E48 117:672 JLINK_IsHalted()  returns FALSE (0001ms, 1564ms total)
T2E48 117:874 JLINK_IsHalted()  returns FALSE (0001ms, 1564ms total)
T2E48 118:077 JLINK_IsHalted()  returns FALSE (0001ms, 1564ms total)
T2E48 118:281 JLINK_IsHalted()  returns FALSE (0000ms, 1563ms total)
T2E48 118:483 JLINK_IsHalted()  returns FALSE (0000ms, 1563ms total)
T2E48 118:688 JLINK_IsHalted()  returns FALSE (0001ms, 1564ms total)
T2E48 118:889 JLINK_IsHalted()  returns FALSE (0000ms, 1564ms total)
T2E48 119:091 JLINK_IsHalted()  returns FALSE (0000ms, 1564ms total)
T2E48 119:293 JLINK_IsHalted()  returns FALSE (0000ms, 1564ms total)
T2E48 119:496 JLINK_IsHalted()  returns FALSE (0001ms, 1565ms total)
T2E48 119:697 JLINK_IsHalted()  returns FALSE (0001ms, 1565ms total)
T2E48 119:899 JLINK_IsHalted()  returns FALSE (0000ms, 1564ms total)
T2E48 120:100 JLINK_IsHalted()  returns FALSE (0000ms, 1564ms total)
T2E48 120:303 JLINK_IsHalted()  returns FALSE (0000ms, 1564ms total)
T2E48 120:506 JLINK_IsHalted()  returns FALSE (0000ms, 1564ms total)
T2E48 120:707 JLINK_IsHalted()  returns FALSE (0000ms, 1564ms total)
T2E48 120:912 JLINK_IsHalted()  returns FALSE (0000ms, 1564ms total)
T2E48 121:113 JLINK_IsHalted()  returns FALSE (0001ms, 1565ms total)
T2E48 121:314 JLINK_IsHalted()  returns FALSE (0001ms, 1565ms total)
T2E48 121:518 JLINK_IsHalted()  returns FALSE (0000ms, 1565ms total)
T2E48 121:722 JLINK_IsHalted()  returns FALSE (0000ms, 1565ms total)
T2E48 121:923 JLINK_IsHalted()  returns FALSE (0001ms, 1566ms total)
T2E48 122:125 JLINK_IsHalted()  returns FALSE (0001ms, 1567ms total)
T2E48 122:326 JLINK_IsHalted()  returns FALSE (0000ms, 1567ms total)
T2E48 122:527 JLINK_IsHalted()  returns FALSE (0000ms, 1567ms total)
T2E48 122:730 JLINK_IsHalted()  returns FALSE (0000ms, 1567ms total)
T2E48 122:932 JLINK_IsHalted()  returns FALSE (0000ms, 1567ms total)
T2E48 123:133 JLINK_IsHalted()  returns FALSE (0001ms, 1568ms total)
T2E48 123:334 JLINK_IsHalted()  returns FALSE (0000ms, 1567ms total)
T2E48 123:538 JLINK_IsHalted()  returns FALSE (0000ms, 1567ms total)
T2E48 123:740 JLINK_IsHalted()  returns FALSE (0000ms, 1567ms total)
T2E48 123:942 JLINK_IsHalted()  returns FALSE (0001ms, 1568ms total)
T2E48 124:143 JLINK_IsHalted()  returns FALSE (0001ms, 1568ms total)
T2E48 124:345 JLINK_IsHalted()  returns FALSE (0000ms, 1567ms total)
T2E48 124:548 JLINK_IsHalted()  returns FALSE (0000ms, 1567ms total)
T2E48 124:749 JLINK_IsHalted()  returns FALSE (0000ms, 1567ms total)
T2E48 124:950 JLINK_IsHalted()  returns FALSE (0000ms, 1567ms total)
T2E48 125:152 JLINK_IsHalted()  returns FALSE (0000ms, 1567ms total)
T2E48 125:354 JLINK_IsHalted()  returns FALSE (0001ms, 1568ms total)
T2E48 125:559 JLINK_IsHalted()  returns FALSE (0001ms, 1568ms total)
T2E48 125:762 JLINK_IsHalted()  returns FALSE (0000ms, 1567ms total)
T2E48 125:963 JLINK_IsHalted()  returns FALSE (0000ms, 1567ms total)
T2E48 126:164 JLINK_IsHalted()  returns FALSE (0001ms, 1568ms total)
T2E48 126:371 JLINK_IsHalted()  returns FALSE (0000ms, 1567ms total)
T2E48 126:571 JLINK_IsHalted()  returns FALSE (0001ms, 1568ms total)
T2E48 126:772 JLINK_IsHalted()  returns FALSE (0000ms, 1567ms total)
T2E48 126:976 JLINK_IsHalted()  returns FALSE (0001ms, 1568ms total)
T2E48 127:180 JLINK_IsHalted()  returns FALSE (0001ms, 1568ms total)
T2E48 127:384 JLINK_IsHalted()  returns FALSE (0000ms, 1567ms total)
T2E48 127:587 JLINK_IsHalted()  returns FALSE (0000ms, 1567ms total)
T2E48 127:790 JLINK_IsHalted()  returns FALSE (0000ms, 1567ms total)
T2E48 127:993 JLINK_IsHalted()  returns FALSE (0000ms, 1567ms total)
T2E48 128:194 JLINK_IsHalted()  returns FALSE (0000ms, 1567ms total)
T2E48 128:396 JLINK_IsHalted()  returns FALSE (0000ms, 1567ms total)
T2E48 128:600 JLINK_IsHalted()  returns FALSE (0000ms, 1567ms total)
T2E48 128:802 JLINK_IsHalted()  returns FALSE (0000ms, 1567ms total)
T2E48 129:002 JLINK_IsHalted()  returns FALSE (0000ms, 1567ms total)
T2E48 129:204 JLINK_IsHalted()  returns FALSE (0000ms, 1567ms total)
T2E48 129:408 JLINK_IsHalted()  returns FALSE (0000ms, 1567ms total)
T2E48 129:608 JLINK_IsHalted()  returns FALSE (0001ms, 1568ms total)
T2E48 129:809 JLINK_IsHalted()  returns FALSE (0000ms, 1567ms total)
T2E48 130:010 JLINK_IsHalted()  returns FALSE (0000ms, 1567ms total)
T2E48 130:211 JLINK_IsHalted()  returns FALSE (0001ms, 1568ms total)
T2E48 130:413 JLINK_IsHalted()  returns FALSE (0000ms, 1567ms total)
T2E48 130:617 JLINK_IsHalted()  returns FALSE (0000ms, 1567ms total)
T2E48 130:821 JLINK_IsHalted()  returns FALSE (0000ms, 1567ms total)
T2E48 131:022 JLINK_IsHalted()  returns FALSE (0000ms, 1567ms total)
T2E48 131:223 JLINK_IsHalted()  returns FALSE (0001ms, 1568ms total)
T2E48 131:433 JLINK_IsHalted()  returns FALSE (0001ms, 1568ms total)
T2E48 131:635 JLINK_IsHalted()  returns FALSE (0000ms, 1567ms total)
T2E48 131:836 JLINK_IsHalted()  returns FALSE (0000ms, 1567ms total)
T2E48 132:036 JLINK_IsHalted()  returns FALSE (0000ms, 1567ms total)
T2E48 132:242 JLINK_IsHalted()  returns FALSE (0000ms, 1567ms total)
T2E48 132:444 JLINK_IsHalted()  returns FALSE (0001ms, 1568ms total)
T2E48 132:647 JLINK_IsHalted()  returns FALSE (0000ms, 1567ms total)
T2E48 132:849 JLINK_IsHalted()  returns FALSE (0000ms, 1567ms total)
T2E48 133:049 JLINK_IsHalted()  returns FALSE (0000ms, 1567ms total)
T2E48 133:250 JLINK_IsHalted()  returns FALSE (0000ms, 1567ms total)
T2E48 133:452 JLINK_IsHalted()  returns FALSE (0001ms, 1568ms total)
T2E48 133:654 JLINK_IsHalted()  returns FALSE (0001ms, 1568ms total)
T2E48 133:856 JLINK_IsHalted()  returns FALSE (0001ms, 1568ms total)
T2E48 134:058 JLINK_IsHalted()  returns FALSE (0000ms, 1567ms total)
T2E48 134:261 JLINK_IsHalted()  returns FALSE (0000ms, 1567ms total)
T2E48 134:462 JLINK_IsHalted()  returns FALSE (0001ms, 1568ms total)
T2E48 134:665 JLINK_IsHalted()  returns FALSE (0000ms, 1567ms total)
T2E48 134:865 JLINK_IsHalted()  returns FALSE (0001ms, 1568ms total)
T2E48 135:068 JLINK_IsHalted()  returns FALSE (0000ms, 1567ms total)
T2E48 135:271 JLINK_IsHalted()  returns FALSE (0001ms, 1568ms total)
T2E48 135:476 JLINK_IsHalted()  returns FALSE (0000ms, 1567ms total)
T2E48 135:678 JLINK_IsHalted()  returns FALSE (0000ms, 1567ms total)
T2E48 135:879 JLINK_IsHalted()  returns FALSE (0000ms, 1567ms total)
T2E48 136:081 JLINK_IsHalted()  returns FALSE (0000ms, 1567ms total)
T2E48 136:282 JLINK_IsHalted()  returns FALSE (0000ms, 1567ms total)
T2E48 136:489 JLINK_IsHalted()  returns FALSE (0001ms, 1568ms total)
T2E48 136:691 JLINK_IsHalted()  returns FALSE (0001ms, 1568ms total)
T2E48 136:892 JLINK_IsHalted()  returns FALSE (0000ms, 1567ms total)
T2E48 137:093 JLINK_IsHalted()  returns FALSE (0001ms, 1568ms total)
T2E48 137:294 JLINK_IsHalted()  returns FALSE (0001ms, 1568ms total)
T2E48 137:496 JLINK_IsHalted()  returns FALSE (0001ms, 1568ms total)
T2E48 137:697 JLINK_IsHalted()  returns FALSE (0000ms, 1567ms total)
T2E48 137:898 JLINK_IsHalted()  returns FALSE (0000ms, 1567ms total)
T2E48 138:100 JLINK_IsHalted()  returns FALSE (0000ms, 1567ms total)
T2E48 138:302 JLINK_IsHalted()  returns FALSE (0000ms, 1567ms total)
T2E48 138:504 JLINK_IsHalted()  returns FALSE (0001ms, 1568ms total)
T2E48 138:705 JLINK_IsHalted()  returns FALSE (0001ms, 1568ms total)
T2E48 138:907 JLINK_IsHalted()  returns FALSE (0000ms, 1567ms total)
T2E48 139:110 JLINK_IsHalted()  returns FALSE (0000ms, 1567ms total)
T2E48 139:311 JLINK_IsHalted()  returns FALSE (0000ms, 1567ms total)
T2E48 139:513 JLINK_IsHalted()  returns FALSE (0000ms, 1567ms total)
T2E48 139:716 JLINK_IsHalted()  returns FALSE (0000ms, 1567ms total)
T2E48 139:918 JLINK_IsHalted()  returns FALSE (0000ms, 1567ms total)
T2E48 140:119 JLINK_IsHalted()  returns FALSE (0000ms, 1567ms total)
T2E48 140:320 JLINK_IsHalted()  returns FALSE (0000ms, 1567ms total)
T2E48 140:523 JLINK_IsHalted()  returns FALSE (0000ms, 1567ms total)
T2E48 140:726 JLINK_IsHalted()  returns FALSE (0001ms, 1568ms total)
T2E48 140:928 JLINK_IsHalted()  returns FALSE (0000ms, 1567ms total)
T2E48 141:128 JLINK_IsHalted()  returns FALSE (0000ms, 1567ms total)
T2E48 141:330 JLINK_IsHalted()  returns FALSE (0000ms, 1567ms total)
T2E48 141:530 JLINK_IsHalted()  returns FALSE (0000ms, 1567ms total)
T2E48 141:734 JLINK_IsHalted()  returns FALSE (0000ms, 1567ms total)
T2E48 141:937 JLINK_IsHalted()  returns FALSE (0000ms, 1567ms total)
T2E48 142:140 JLINK_IsHalted()  returns FALSE (0001ms, 1568ms total)
T2E48 142:342 JLINK_IsHalted()  returns FALSE (0001ms, 1568ms total)
T2E48 142:543 JLINK_IsHalted()  returns FALSE (0001ms, 1568ms total)
T2E48 142:744 JLINK_IsHalted()  returns FALSE (0000ms, 1567ms total)
T2E48 142:946 JLINK_IsHalted()  returns FALSE (0000ms, 1567ms total)
T2E48 143:148 JLINK_IsHalted()  returns FALSE (0000ms, 1567ms total)
T2E48 143:349 JLINK_IsHalted()  returns FALSE (0001ms, 1568ms total)
T2E48 143:553 JLINK_IsHalted()  returns FALSE (0001ms, 1568ms total)
T2E48 143:756 JLINK_IsHalted()  returns FALSE (0000ms, 1567ms total)
T2E48 143:956 JLINK_IsHalted()  returns FALSE (0000ms, 1567ms total)
T2E48 144:158 JLINK_IsHalted()  returns FALSE (0001ms, 1568ms total)
T2E48 144:360 JLINK_IsHalted()  returns FALSE (0000ms, 1568ms total)
T2E48 144:561 JLINK_IsHalted()  returns FALSE (0001ms, 1569ms total)
T2E48 144:763 JLINK_IsHalted()  returns FALSE (0000ms, 1568ms total)
T2E48 144:963 JLINK_IsHalted()  returns FALSE (0000ms, 1568ms total)
T2E48 145:164 JLINK_IsHalted()  returns FALSE (0001ms, 1569ms total)
T2E48 145:368 JLINK_IsHalted()  returns FALSE (0000ms, 1568ms total)
T2E48 145:569 JLINK_IsHalted()  returns FALSE (0000ms, 1568ms total)
T2E48 145:770 JLINK_IsHalted()  returns FALSE (0001ms, 1569ms total)
T2E48 145:974 JLINK_IsHalted()  returns FALSE (0000ms, 1568ms total)
T2E48 146:175 JLINK_IsHalted()  returns FALSE (0000ms, 1568ms total)
T2E48 146:376 JLINK_IsHalted()  returns FALSE (0000ms, 1568ms total)
T2E48 146:576 JLINK_IsHalted()  returns FALSE (0000ms, 1568ms total)
T2E48 146:778 JLINK_IsHalted()  returns FALSE (0000ms, 1568ms total)
T2E48 146:978 JLINK_IsHalted()  returns FALSE (0001ms, 1569ms total)
T2E48 147:179 JLINK_IsHalted()  returns FALSE (0000ms, 1568ms total)
T2E48 147:380 JLINK_IsHalted()  returns FALSE (0000ms, 1568ms total)
T2E48 147:580 JLINK_IsHalted()  returns FALSE (0001ms, 1569ms total)
T2E48 147:781 JLINK_IsHalted()  returns FALSE (0000ms, 1568ms total)
T2E48 147:984 JLINK_IsHalted()  returns FALSE (0000ms, 1568ms total)
T2E48 148:185 JLINK_IsHalted()  returns FALSE (0001ms, 1569ms total)
T2E48 148:387 JLINK_IsHalted()  returns FALSE (0000ms, 1568ms total)
T2E48 148:590 JLINK_IsHalted()  returns FALSE (0000ms, 1568ms total)
T2E48 148:791 JLINK_IsHalted()  returns FALSE (0001ms, 1569ms total)
T2E48 148:992 JLINK_IsHalted()  returns FALSE (0001ms, 1569ms total)
T2E48 149:196 JLINK_IsHalted()  returns FALSE (0000ms, 1568ms total)
T2E48 149:399 JLINK_IsHalted()  returns FALSE (0000ms, 1568ms total)
T2E48 149:600 JLINK_IsHalted()  returns FALSE (0000ms, 1568ms total)
T2E48 149:803 JLINK_IsHalted()  returns FALSE (0001ms, 1569ms total)
T2E48 150:004 JLINK_IsHalted()  returns FALSE (0001ms, 1569ms total)
T2E48 150:208 JLINK_IsHalted()  returns FALSE (0000ms, 1568ms total)
T2E48 150:408 JLINK_IsHalted()  returns FALSE (0001ms, 1569ms total)
T2E48 150:617 JLINK_IsHalted()  returns FALSE (0000ms, 1568ms total)
T2E48 150:820 JLINK_IsHalted()  returns FALSE (0000ms, 1568ms total)
T2E48 151:022 JLINK_IsHalted()  returns FALSE (0000ms, 1568ms total)
T2E48 151:225 JLINK_IsHalted()  returns FALSE (0001ms, 1569ms total)
T2E48 151:431 JLINK_IsHalted()  returns FALSE (0001ms, 1569ms total)
T2E48 151:634 JLINK_IsHalted()  returns FALSE (0000ms, 1568ms total)
T2E48 151:835 JLINK_IsHalted()  returns FALSE (0000ms, 1568ms total)
T2E48 152:038 JLINK_IsHalted()  returns FALSE (0001ms, 1569ms total)
T2E48 152:240 JLINK_IsHalted()  returns FALSE (0001ms, 1569ms total)
T2E48 152:442 JLINK_IsHalted()  returns FALSE (0001ms, 1569ms total)
T2E48 152:645 JLINK_IsHalted()  returns FALSE (0000ms, 1568ms total)
T2E48 152:849 JLINK_IsHalted()  returns FALSE (0001ms, 1569ms total)
T2E48 153:057 JLINK_IsHalted()  returns FALSE (0001ms, 1569ms total)
T2E48 153:259 JLINK_IsHalted()  returns FALSE (0000ms, 1568ms total)
T2E48 153:462 JLINK_IsHalted()  returns FALSE (0001ms, 1569ms total)
T2E48 153:663 JLINK_IsHalted()  returns FALSE (0001ms, 1569ms total)
T2E48 153:867 JLINK_IsHalted()  returns FALSE (0000ms, 1568ms total)
T2E48 154:070 JLINK_IsHalted()  returns FALSE (0000ms, 1568ms total)
T2E48 154:272 JLINK_IsHalted()  returns FALSE (0000ms, 1568ms total)
T2E48 154:476 JLINK_IsHalted()  returns FALSE (0000ms, 1568ms total)
T2E48 154:680 JLINK_IsHalted()  returns FALSE (0001ms, 1569ms total)
T2E48 154:881 JLINK_IsHalted()  returns FALSE (0001ms, 1569ms total)
T2E48 155:085 JLINK_IsHalted()  returns FALSE (0000ms, 1568ms total)
T2E48 155:288 JLINK_IsHalted()  returns FALSE (0000ms, 1568ms total)
T2E48 155:490 JLINK_IsHalted()  returns FALSE (0000ms, 1568ms total)
T2E48 155:691 JLINK_IsHalted()  returns FALSE (0000ms, 1569ms total)
T2E48 155:892 JLINK_IsHalted()  returns FALSE (0001ms, 1570ms total)
T2E48 156:097 JLINK_IsHalted()  returns FALSE (0000ms, 1569ms total)
T2E48 156:299 JLINK_IsHalted()  returns FALSE (0001ms, 1570ms total)
T2E48 156:502 JLINK_IsHalted()  returns FALSE (0000ms, 1569ms total)
T2E48 156:704 JLINK_IsHalted()  returns FALSE (0000ms, 1569ms total)
T2E48 156:904 JLINK_IsHalted()  returns FALSE (0000ms, 1569ms total)
T2E48 157:110 JLINK_IsHalted()  returns FALSE (0000ms, 1569ms total)
T2E48 157:312 JLINK_IsHalted()  returns FALSE (0000ms, 1569ms total)
T2E48 157:512 JLINK_IsHalted()  returns FALSE (0000ms, 1569ms total)
T2E48 157:713 JLINK_IsHalted()  returns FALSE (0000ms, 1569ms total)
T2E48 157:918 JLINK_IsHalted()  returns FALSE (0001ms, 1570ms total)
T2E48 158:120 JLINK_IsHalted()  returns FALSE (0000ms, 1569ms total)
T2E48 158:321 JLINK_IsHalted()  returns FALSE (0001ms, 1570ms total)
T2E48 158:523 JLINK_IsHalted()  returns FALSE (0000ms, 1569ms total)
T2E48 158:723 JLINK_IsHalted()  returns FALSE (0000ms, 1569ms total)
T2E48 158:929 JLINK_IsHalted()  returns FALSE (0000ms, 1569ms total)
T2E48 159:130 JLINK_IsHalted()  returns FALSE (0000ms, 1569ms total)
T2E48 159:331 JLINK_IsHalted()  returns FALSE (0000ms, 1569ms total)
T2E48 159:532 JLINK_IsHalted()  returns FALSE (0001ms, 1570ms total)
T2E48 159:735 JLINK_IsHalted()  returns FALSE (0001ms, 1571ms total)
T2E48 159:937 JLINK_IsHalted()  returns FALSE (0000ms, 1570ms total)
T2E48 160:139 JLINK_IsHalted()  returns FALSE (0000ms, 1570ms total)
T2E48 160:341 JLINK_IsHalted()  returns FALSE (0000ms, 1570ms total)
T2E48 160:541 JLINK_IsHalted()  returns FALSE (0001ms, 1571ms total)
T2E48 160:746 JLINK_IsHalted()  returns FALSE (0001ms, 1571ms total)
T2E48 160:947 JLINK_IsHalted()  returns FALSE (0000ms, 1570ms total)
T2E48 161:148 JLINK_IsHalted()  returns FALSE (0000ms, 1570ms total)
T2E48 161:348 JLINK_IsHalted()  returns FALSE (0000ms, 1570ms total)
T2E48 161:550 JLINK_IsHalted()  returns FALSE (0001ms, 1571ms total)
T2E48 161:752 JLINK_IsHalted()  returns FALSE (0000ms, 1570ms total)
T2E48 161:953 JLINK_IsHalted()  returns FALSE (0000ms, 1570ms total)
T2E48 162:155 JLINK_IsHalted()  returns FALSE (0000ms, 1570ms total)
T2E48 162:356 JLINK_IsHalted()  returns FALSE (0000ms, 1570ms total)
T2E48 162:559 JLINK_IsHalted()  returns FALSE (0001ms, 1571ms total)
T2E48 162:760 JLINK_IsHalted()  returns FALSE (0000ms, 1570ms total)
T2E48 162:961 JLINK_IsHalted()  returns FALSE (0000ms, 1570ms total)
T2E48 163:162 JLINK_IsHalted()  returns FALSE (0000ms, 1570ms total)
T2E48 163:363 JLINK_IsHalted()  returns FALSE (0000ms, 1570ms total)
T2E48 163:563 JLINK_IsHalted()  returns FALSE (0000ms, 1570ms total)
T2E48 163:765 JLINK_IsHalted()  returns FALSE (0000ms, 1570ms total)
T2E48 163:966 JLINK_IsHalted()  returns FALSE (0000ms, 1570ms total)
T2E48 164:166 JLINK_IsHalted()  returns FALSE (0000ms, 1570ms total)
T2E48 164:367 JLINK_IsHalted()  returns FALSE (0000ms, 1570ms total)
T2E48 164:568 JLINK_IsHalted()  returns FALSE (0000ms, 1570ms total)
T2E48 164:769 JLINK_IsHalted()  returns FALSE (0000ms, 1570ms total)
T2E48 164:969 JLINK_IsHalted()  returns FALSE (0001ms, 1571ms total)
T2E48 165:171 JLINK_IsHalted()  returns FALSE (0000ms, 1570ms total)
T2E48 165:372 JLINK_IsHalted()  returns FALSE (0000ms, 1570ms total)
T2E48 165:576 JLINK_IsHalted()  returns FALSE (0000ms, 1570ms total)
T2E48 165:777 JLINK_IsHalted()  returns FALSE (0000ms, 1570ms total)
T2E48 165:980 JLINK_IsHalted()  returns FALSE (0001ms, 1571ms total)
T2E48 166:183 JLINK_IsHalted()  returns FALSE (0001ms, 1571ms total)
T2E48 166:385 JLINK_IsHalted()  returns FALSE (0000ms, 1570ms total)
T2E48 166:587 JLINK_IsHalted()  returns FALSE (0000ms, 1570ms total)
T2E48 166:788 JLINK_IsHalted()  returns FALSE (0000ms, 1570ms total)
T2E48 166:992 JLINK_IsHalted()  returns FALSE (0000ms, 1570ms total)
T2E48 167:192 JLINK_IsHalted()  returns FALSE (0000ms, 1570ms total)
T2E48 167:395 JLINK_IsHalted()  returns FALSE (0001ms, 1571ms total)
T2E48 167:605 JLINK_IsHalted()  returns FALSE (0001ms, 1571ms total)
T2E48 167:811 JLINK_IsHalted()  returns FALSE (0001ms, 1571ms total)
T2E48 168:013 JLINK_IsHalted()  returns FALSE (0001ms, 1571ms total)
T2E48 168:214 JLINK_IsHalted()  returns FALSE (0000ms, 1570ms total)
T2E48 168:417 JLINK_IsHalted()  returns FALSE (0001ms, 1571ms total)
T2E48 168:623 JLINK_IsHalted()  returns FALSE (0000ms, 1570ms total)
T2E48 168:823 JLINK_IsHalted()  returns FALSE (0000ms, 1570ms total)
T2E48 169:026 JLINK_IsHalted()  returns FALSE (0000ms, 1570ms total)
T2E48 169:232 JLINK_IsHalted()  returns FALSE (0000ms, 1570ms total)
T2E48 169:436 JLINK_IsHalted()  returns FALSE (0000ms, 1570ms total)
T2E48 169:637 JLINK_IsHalted()  returns FALSE (0000ms, 1570ms total)
T2E48 169:838 JLINK_IsHalted()  returns FALSE (0000ms, 1570ms total)
T2E48 170:039 JLINK_IsHalted()  returns FALSE (0000ms, 1570ms total)
T2E48 170:243 JLINK_IsHalted()  returns FALSE (0000ms, 1570ms total)
T2E48 170:444 JLINK_IsHalted()  returns FALSE (0000ms, 1570ms total)
T2E48 170:644 JLINK_IsHalted()  returns FALSE (0001ms, 1571ms total)
T2E48 170:847 JLINK_IsHalted()  returns FALSE (0001ms, 1571ms total)
T2E48 171:052 JLINK_IsHalted()  returns FALSE (0000ms, 1570ms total)
T2E48 171:253 JLINK_IsHalted()  returns FALSE (0000ms, 1570ms total)
T2E48 171:453 JLINK_IsHalted()  returns FALSE (0001ms, 1571ms total)
T2E48 171:658 JLINK_IsHalted()  returns FALSE (0000ms, 1570ms total)
T2E48 171:860 JLINK_IsHalted()  returns FALSE (0000ms, 1570ms total)
T2E48 172:061 JLINK_IsHalted()  returns FALSE (0000ms, 1570ms total)
T2E48 172:265 JLINK_IsHalted()  returns FALSE (0001ms, 1571ms total)
T2E48 172:466 JLINK_IsHalted()  returns FALSE (0001ms, 1571ms total)
T2E48 172:668 JLINK_IsHalted()  returns FALSE (0000ms, 1570ms total)
T2E48 172:870 JLINK_IsHalted()  returns FALSE (0000ms, 1570ms total)
T2E48 173:071 JLINK_IsHalted()  returns FALSE (0000ms, 1570ms total)
T2E48 173:272 JLINK_IsHalted()  returns FALSE (0000ms, 1570ms total)
T2E48 173:473 JLINK_IsHalted()  returns FALSE (0001ms, 1571ms total)
T2E48 173:675 JLINK_IsHalted()  returns FALSE (0000ms, 1570ms total)
T2E48 173:876 JLINK_IsHalted()  returns FALSE (0000ms, 1570ms total)
T2E48 174:078 JLINK_IsHalted()  returns FALSE (0000ms, 1570ms total)
T2E48 174:279 JLINK_IsHalted()  returns FALSE (0000ms, 1570ms total)
T2E48 174:483 JLINK_IsHalted()  returns FALSE (0001ms, 1571ms total)
T2E48 174:684 JLINK_IsHalted()  returns FALSE (0001ms, 1571ms total)
T2E48 174:887 JLINK_IsHalted()  returns FALSE (0000ms, 1570ms total)
T2E48 175:087 JLINK_IsHalted()  returns FALSE (0000ms, 1570ms total)
T2E48 175:288 JLINK_IsHalted()  returns FALSE (0000ms, 1570ms total)
T2E48 175:489 JLINK_IsHalted()  returns FALSE (0000ms, 1570ms total)
T2E48 175:690 JLINK_IsHalted()  returns FALSE (0001ms, 1571ms total)
T2E48 175:891 JLINK_IsHalted()  returns FALSE (0000ms, 1570ms total)
T2E48 176:092 JLINK_IsHalted()  returns FALSE (0000ms, 1570ms total)
T2E48 176:293 JLINK_IsHalted()  returns FALSE (0001ms, 1571ms total)
T2E48 176:496 JLINK_IsHalted()  returns FALSE (0000ms, 1570ms total)
T2E48 176:696 JLINK_IsHalted()  returns FALSE (0000ms, 1570ms total)
T2E48 176:898 JLINK_IsHalted()  returns FALSE (0001ms, 1571ms total)
T2E48 177:099 JLINK_IsHalted()  returns FALSE (0000ms, 1570ms total)
T2E48 177:300 JLINK_IsHalted()  returns FALSE (0000ms, 1570ms total)
T2E48 177:501 JLINK_IsHalted()  returns FALSE (0000ms, 1570ms total)
T2E48 177:702 JLINK_IsHalted()  returns FALSE (0000ms, 1570ms total)
T2E48 177:904 JLINK_IsHalted()  returns FALSE (0000ms, 1570ms total)
T2E48 178:105 JLINK_IsHalted()  returns FALSE (0000ms, 1570ms total)
T2E48 178:305 JLINK_IsHalted()  returns FALSE (0001ms, 1571ms total)
T2E48 178:508 JLINK_IsHalted()  returns FALSE (0000ms, 1570ms total)
T2E48 178:711 JLINK_IsHalted()  returns FALSE (0000ms, 1570ms total)
T2E48 178:915 JLINK_IsHalted()  returns FALSE (0001ms, 1571ms total)
T2E48 179:116 JLINK_IsHalted()  returns FALSE (0000ms, 1570ms total)
T2E48 179:317 JLINK_IsHalted()  returns FALSE (0000ms, 1570ms total)
T2E48 179:519 JLINK_IsHalted()  returns FALSE (0000ms, 1570ms total)
T2E48 179:721 JLINK_IsHalted()  returns FALSE (0001ms, 1571ms total)
T2E48 179:922 JLINK_IsHalted()  returns FALSE (0000ms, 1570ms total)
T2E48 180:123 JLINK_IsHalted()  returns FALSE (0000ms, 1570ms total)
T2E48 180:323 JLINK_IsHalted()  returns FALSE (0000ms, 1570ms total)
T2E48 180:523 JLINK_IsHalted()  returns FALSE (0000ms, 1570ms total)
T2E48 180:723 JLINK_IsHalted()  returns FALSE (0000ms, 1570ms total)
T2E48 180:926 JLINK_IsHalted()  returns FALSE (0000ms, 1570ms total)
T2E48 181:128 JLINK_IsHalted()  returns FALSE (0000ms, 1570ms total)
T2E48 181:330 JLINK_IsHalted()  returns FALSE (0000ms, 1570ms total)
T2E48 181:530 JLINK_IsHalted()  returns FALSE (0001ms, 1571ms total)
T2E48 181:732 JLINK_IsHalted()  returns FALSE (0000ms, 1570ms total)
T2E48 181:938 JLINK_IsHalted()  returns FALSE (0000ms, 1570ms total)
T2E48 182:139 JLINK_IsHalted()  returns FALSE (0001ms, 1571ms total)
T2E48 182:342 JLINK_IsHalted()  returns FALSE (0000ms, 1570ms total)
T2E48 182:549 JLINK_IsHalted()  returns FALSE (0000ms, 1570ms total)
T2E48 182:751 JLINK_IsHalted()  returns FALSE (0000ms, 1570ms total)
T2E48 182:953 JLINK_IsHalted()  returns FALSE (0000ms, 1570ms total)
T2E48 183:153 JLINK_IsHalted()  returns FALSE (0001ms, 1571ms total)
T2E48 183:358 JLINK_IsHalted()  returns FALSE (0000ms, 1570ms total)
T2E48 183:561 JLINK_IsHalted()  returns FALSE (0000ms, 1570ms total)
T2E48 183:764 JLINK_IsHalted()  returns FALSE (0000ms, 1570ms total)
T2E48 183:964 JLINK_IsHalted()  returns FALSE (0000ms, 1570ms total)
T2E48 184:167 JLINK_IsHalted()  returns FALSE (0000ms, 1570ms total)
T2E48 184:367 JLINK_IsHalted()  returns FALSE (0000ms, 1570ms total)
T2E48 184:569 JLINK_IsHalted()  returns FALSE (0000ms, 1570ms total)
T2E48 184:769 JLINK_IsHalted()  returns FALSE (0001ms, 1571ms total)
T2E48 184:972 JLINK_IsHalted()  returns FALSE (0001ms, 1571ms total)
T2E48 185:173 JLINK_IsHalted()  returns FALSE (0001ms, 1571ms total)
T2E48 185:376 JLINK_IsHalted()  returns FALSE (0000ms, 1570ms total)
T2E48 185:578 JLINK_IsHalted()  returns FALSE (0000ms, 1570ms total)
