T2E48 042:475 SEGGER J-Link V6.32g Log File (0001ms, 1501ms total)
T2E48 042:475 DLL Compiled: Jun 15 2018 17:26:15 (0001ms, 1501ms total)
T2E48 042:475 Logging started @ 2019-04-29 01:07 (0001ms, 1501ms total)
T2E48 042:493 JLINK_ExecCommand("Device = AT91SAM3S4B", ...). Device "ATSAM3S4B" selected.  returns 0x00 (0004ms, 1505ms total)
T2E48 042:497 JLINK_TIF_Select(JLINKARM_TIF_JTAG)  returns 0x00 (0001ms, 1506ms total)
T2E48 042:498 JLINK_ConfigJTAG(IRPre = 0, DRPre = 0) (0001ms, 1507ms total)
T2E48 042:499 JLINK_SetSpeed(4000) (0000ms, 1507ms total)
T2E48 042:499 JLINK_ResetPullsRESET(OFF) (0000ms, 1507ms total)
T2E48 042:499 JLINK_Connect() >0x2F8 JTAG>TotalIRLen = 4, IRPrint = 0x01 >0x30 JTAG> >0x30 JTAG>JTAG chain detection found 1 devices: #0 Id: 0x4BA00477, IRLen: 04, CoreSight JTAG-DPScanning AP map to find all available APs >0x78 JTAG> >0x48 JTAG> >0x40 JTAG> >0x40 JTAG> >0x48 JTAG> >0x40 JTAG>AP[1]: Stopped AP scan as end of AP map has been reachedAP[0]: AHB-AP (IDR: 0x24770011)Iterating through AP map to find AHB-AP to use >0x78 JTAG> >0x48 JTAG> >0x48 JTAG> >0x78 JTAG> >0x40 JTAG> >0x30 JTAG>
 >0x40 JTAG> >0x40 JTAG>AP[0]: Core foundAP[0]: AHB-AP ROM base: 0xE00FF000 >0x40 JTAG> >0x40 JTAG> >0x30 JTAG> >0x40 JTAG> >0x40 JTAG>CPUID register: 0x412FC230. Implementer code: 0x41 (ARM)Found Cortex-M3 r2p0, Little endian. -- CPU_ReadMem(4 bytes @ 0xE000EDF0) -- CPU_ReadMem(4 bytes @ 0xE0002000)FPUnit: 6 code (BP) slots and 2 literal slots -- CPU_ReadMem(4 bytes @ 0xE000EDFC) -- CPU_ReadMem(4 bytes @ 0xE0001000) -- CPU_WriteMem(4 bytes @ 0xE0001000) -- CPU_ReadMem(4 bytes @ 0xE000ED88)
 -- CPU_WriteMem(4 bytes @ 0xE000ED88) -- CPU_ReadMem(4 bytes @ 0xE000ED88) -- CPU_WriteMem(4 bytes @ 0xE000ED88)CoreSight components:ROMTbl[0] @ E00FF000 -- CPU_ReadMem(16 bytes @ 0xE00FF000) -- CPU_ReadMem(16 bytes @ 0xE000EFF0) -- CPU_ReadMem(16 bytes @ 0xE000EFE0)ROMTbl[0][0]: E000E000, CID: B105E00D, PID: 002BB000 SCS -- CPU_ReadMem(16 bytes @ 0xE0001FF0) -- CPU_ReadMem(16 bytes @ 0xE0001FE0)ROMTbl[0][1]: E0001000, CID: B105E00D, PID: 002BB002 DWT -- CPU_ReadMem(16 bytes @ 0xE0002FF0)
 -- CPU_ReadMem(16 bytes @ 0xE0002FE0)ROMTbl[0][2]: E0002000, CID: B105E00D, PID: 002BB003 FPB -- CPU_ReadMem(16 bytes @ 0xE0000FF0) -- CPU_ReadMem(16 bytes @ 0xE0000FE0)ROMTbl[0][3]: E0000000, CID: B105E00D, PID: 002BB001 ITM -- CPU_ReadMem(16 bytes @ 0xE00FF010) -- CPU_ReadMem(16 bytes @ 0xE0040FF0) -- CPU_ReadMem(16 bytes @ 0xE0040FE0)ROMTbl[0][4]: E0040000, CID: B105900D, PID: 002BB923 TPIU-Lite  returns 0x00 (0027ms, 1534ms total)
T2E48 042:526 JLINK_Halt()  returns 0x00 (0003ms, 1537ms total)
T2E48 042:732 JLINK_IsHalted()  returns TRUE (0001ms, 1538ms total)
T2E48 042:733 JLINK_GetMOEs(...) -- CPU_ReadMem(4 bytes @ 0xE000ED30)  returns 0x01 (0000ms, 1537ms total)
T2E48 042:733 JLINK_ReadReg(R15 (PC))  returns 0x004003EC (0000ms, 1537ms total)
T21A4 042:743 JLINK_ReadReg(R15 (PC))  returns 0x004003EC (0000ms, 1537ms total)
T21A4 042:743 JLINK_ReadReg(R13 (SP))  returns 0x20000828 (0000ms, 1537ms total)
T21A4 042:744 JLINK_ReadMemHW(0x004003EC, 0x0004 Bytes, ...) -- CPU_ReadMem(4 bytes @ 0x004003EC) - Data: 13 F0 01 0F  returns 0x00 (0001ms, 1538ms total)
T2E48 042:934 JLINK_IsHalted()  returns TRUE (0000ms, 1538ms total)
T2FD8 043:042 JLINK_ReadMem (0x40000000, 0x01C0 Bytes, ...) -- CPU_ReadMem(448 bytes @ 0x40000000) - Data: 00 00 00 00 00 00 00 00 00 00 00 00 00 00 00 00 ...  returns 0x00 (0006ms, 1544ms total)
T2FD8 043:057 JLINK_ReadMem (0x40000000, 0x01C0 Bytes, ...) -- CPU_ReadMem(448 bytes @ 0x40000000) - Data: 00 00 00 00 00 00 00 00 00 00 00 00 00 00 00 00 ...  returns 0x00 (0005ms, 1549ms total)
T2E48 043:134 JLINK_IsHalted()  returns TRUE (0000ms, 1549ms total)
T2FD8 043:305 JLINK_ReadMem (0x400001C0, 0x0038 Bytes, ...) -- CPU_ReadMem(56 bytes @ 0x400001C0) - Data: 00 00 00 00 00 00 00 00 00 00 00 00 00 00 00 00 ...  returns 0x00 (0001ms, 1550ms total)
T2E48 043:335 JLINK_IsHalted()  returns TRUE (0000ms, 1550ms total)
T2FD8 043:348 JLINK_ReadMem (0x40000000, 0x01F8 Bytes, ...) -- CPU_ReadMem(504 bytes @ 0x40000000) - Data: 00 00 00 00 00 00 00 00 00 00 00 00 00 00 00 00 ...  returns 0x00 (0006ms, 1556ms total)
T2FD8 043:357 JLINK_ReadMem (0x40000000, 0x01F8 Bytes, ...) -- CPU_ReadMem(504 bytes @ 0x40000000) - Data: 00 00 00 00 00 00 00 00 00 00 00 00 00 00 00 00 ...  returns 0x00 (0005ms, 1561ms total)
T2E48 043:537 JLINK_IsHalted()  returns TRUE (0000ms, 1561ms total)
T2E48 043:740 JLINK_IsHalted()  returns TRUE (0000ms, 1561ms total)
T2E48 043:941 JLINK_IsHalted()  returns TRUE (0000ms, 1561ms total)
T2E48 044:142 JLINK_IsHalted()  returns TRUE (0000ms, 1561ms total)
T2E48 044:342 JLINK_IsHalted()  returns TRUE (0000ms, 1561ms total)
