Drill Listing
=============
Drill: .015  Tool: 1  Feed: 95  Speed: 300
X 117500  Y 117500
X 122500  Y 117500
X 122500  Y 127500
X 182500  Y 120000
X 184500  Y 140000
X 184500  Y 160000
X 184500  Y 180000
X 175500  Y 160000
X 175500  Y 140000
X 175500  Y 180000
X 130000  Y 170000

Drill: .035  Tool: 2  Feed: 197  Speed: 550
X 115295  Y 157275
X 150000  Y 110000
X 160000  Y 110000
X 115295  Y 177275

Drill: .037  Tool: 3  Feed: 197  Speed: 550
X 140000  Y 130000
X 176992  Y 122442
X 176992  Y 112442
X 140000  Y 180000

End of Listing
