T1354 7641:320 SEGGER J-Link V6.32g Log File (0001ms, 204728ms total)
T1354 7641:320 DLL Compiled: Jun 15 2018 17:26:15 (0001ms, 204728ms total)
T1354 7641:320 Logging started @ 2019-05-06 13:35 (0001ms, 204728ms total)
T1354 7641:340 JLINK_ExecCommand("Device = AT91SAM3S4B", ...). Device "ATSAM3S4B" selected.  returns 0x00 (0004ms, 204732ms total)
T1354 7641:344 JLINK_TIF_Select(JLINKARM_TIF_JTAG)  returns 0x00 (0002ms, 204734ms total)
T1354 7641:346 JLINK_ConfigJTAG(IRPre = 0, DRPre = 0) (0000ms, 204734ms total)
T1354 7641:346 JLINK_SetSpeed(4000) (0000ms, 204734ms total)
T1354 7641:346 JLINK_ResetPullsRESET(OFF) (0000ms, 204734ms total)
T1354 7641:346 JLINK_Connect() >0x2F8 JTAG>TotalIRLen = 4, IRPrint = 0x01 >0x30 JTAG> >0x30 JTAG>JTAG chain detection found 1 devices: #0 Id: 0x4BA00477, IRLen: 04, CoreSight JTAG-DPScanning AP map to find all available APs >0x78 JTAG> >0x48 JTAG> >0x40 JTAG> >0x40 JTAG> >0x48 JTAG> >0x40 JTAG>AP[1]: Stopped AP scan as end of AP map has been reachedAP[0]: AHB-AP (IDR: 0x24770011)Iterating through AP map to find AHB-AP to use >0x78 JTAG> >0x48 JTAG> >0x48 JTAG> >0x78 JTAG> >0x40 JTAG> >0x30 JTAG>
 >0x40 JTAG> >0x40 JTAG>AP[0]: Core foundAP[0]: AHB-AP ROM base: 0xE00FF000 >0x40 JTAG> >0x40 JTAG> >0x30 JTAG> >0x40 JTAG> >0x40 JTAG>CPUID register: 0x412FC230. Implementer code: 0x41 (ARM)Found Cortex-M3 r2p0, Little endian. -- CPU_ReadMem(4 bytes @ 0xE000EDF0) -- CPU_WriteMem(4 bytes @ 0xE000EDF0) -- CPU_ReadMem(4 bytes @ 0xE0002000)FPUnit: 6 code (BP) slots and 2 literal slots -- CPU_ReadMem(4 bytes @ 0xE000EDFC) -- CPU_ReadMem(4 bytes @ 0xE0001000) -- CPU_WriteMem(4 bytes @ 0xE0001000)
 -- CPU_ReadMem(4 bytes @ 0xE000ED88) -- CPU_WriteMem(4 bytes @ 0xE000ED88) -- CPU_ReadMem(4 bytes @ 0xE000ED88) -- CPU_WriteMem(4 bytes @ 0xE000ED88)CoreSight components:ROMTbl[0] @ E00FF000 -- CPU_ReadMem(16 bytes @ 0xE00FF000) -- CPU_ReadMem(16 bytes @ 0xE000EFF0) -- CPU_ReadMem(16 bytes @ 0xE000EFE0)ROMTbl[0][0]: E000E000, CID: B105E00D, PID: 002BB000 SCS -- CPU_ReadMem(16 bytes @ 0xE0001FF0) -- CPU_ReadMem(16 bytes @ 0xE0001FE0)ROMTbl[0][1]: E0001000, CID: B105E00D, PID: 002BB002 DWT
 -- CPU_ReadMem(16 bytes @ 0xE0002FF0) -- CPU_ReadMem(16 bytes @ 0xE0002FE0)ROMTbl[0][2]: E0002000, CID: B105E00D, PID: 002BB003 FPB -- CPU_ReadMem(16 bytes @ 0xE0000FF0) -- CPU_ReadMem(16 bytes @ 0xE0000FE0)ROMTbl[0][3]: E0000000, CID: B105E00D, PID: 002BB001 ITM -- CPU_ReadMem(16 bytes @ 0xE00FF010) -- CPU_ReadMem(16 bytes @ 0xE0040FF0) -- CPU_ReadMem(16 bytes @ 0xE0040FE0)ROMTbl[0][4]: E0040000, CID: B105900D, PID: 002BB923 TPIU-Lite  returns 0x00 (0031ms, 204765ms total)
T1354 7641:377 JLINK_Halt()  returns 0x00 (0003ms, 204768ms total)
T1354 7641:582 JLINK_IsHalted()  returns TRUE (0001ms, 204769ms total)
T1354 7641:784 JLINK_IsHalted()  returns TRUE (0000ms, 204768ms total)
T1354 7641:984 JLINK_IsHalted()  returns TRUE (0000ms, 204768ms total)
T1354 7642:184 JLINK_IsHalted()  returns TRUE (0000ms, 204768ms total)
T1354 7642:384 JLINK_IsHalted()  returns TRUE (0000ms, 204768ms total)
T1354 7642:585 JLINK_IsHalted()  returns TRUE (0000ms, 204768ms total)
T1354 7642:789 JLINK_IsHalted()  returns TRUE (0000ms, 204768ms total)
T0CF0 7642:789 
  ***** Error: Connection to emulator lost! (0160ms, 204928ms total)
T1354 7642:989 JLINK_IsHalted()  returns ERROR (0000ms, 204768ms total)
T1354 7643:004 JLINK_Close() (0000ms, 204768ms total)
T1354 7643:004  (0000ms, 204768ms total)
T1354 7643:004 Closed (0000ms, 204768ms total)
