Drill Listing
=============
Drill: .015  Tool: 1  Feed: 0  Speed: 0
X 1951200  Y 1915700
X 1952100  Y 1921500
X 1925900  Y 1927100
X 1943286  Y 1932078
X 1936622  Y 1936465
X 1946900  Y 1942200
X 1938000  Y 1946600
X 1929200  Y 1949300
X 1945000  Y 1958900
X 1937200  Y 1962300
X 1943600  Y 1967600
X 1918900  Y 1968564
X 1941800  Y 1974000
X 1956000  Y 1975500
X 1918885  Y 1980556
X 1938000  Y 1995500
X 1956000  Y 1996500
X 1941400  Y 2007500
X 1921000  Y 2028400
X 1958100  Y 2201900
X 1957800  Y 2215700
X 1955900  Y 2227400
X 1953300  Y 2245500
X 1938400  Y 2257700
X 1941700  Y 2265300
X 1935200  Y 2308300
X 1936100  Y 2360100
X 1943600  Y 2447400
X 1968600  Y 2358700
X 1969400  Y 2341100
X 1973800  Y 2326500
X 1966700  Y 2321300
X 1975500  Y 2312500
X 1969000  Y 2303900
X 1978400  Y 2301900
X 1977100  Y 2292500
X 1968900  Y 2280500
X 1969500  Y 2261000
X 1969500  Y 2255000
X 1974600  Y 2240900
X 1976200  Y 2232400
X 1977700  Y 2218200
X 1977200  Y 2211100
X 1972900  Y 2206300
X 1972800  Y 2200900
X 1959000  Y 2196000
X 1977300  Y 2195100
X 1974000  Y 2183000
X 1964500  Y 2179200
X 1965992  Y 1991906
X 1962579  Y 1987870
X 1972800  Y 1981200
X 1977500  Y 1978100
X 1982800  Y 1962500
X 1969700  Y 1961600
X 1977000  Y 1959500
X 1961100  Y 1952200
X 1965600  Y 1948500
X 1961700  Y 1942300
X 1971500  Y 1937500
X 1976900  Y 1937500
X 1969600  Y 1932700
X 1978300  Y 1932400
X 1969000  Y 1917500
X 1958800  Y 1916200
X 1976400  Y 1914900
X 1981900  Y 1912600
X 1976900  Y 1908400
X 1962300  Y 1891000
X 1963900  Y 1877200
X 1975100  Y 1874500
X 1982400  Y 1873800
X 1967700  Y 1872700
X 1970700  Y 1865600
X 1993700  Y 1854900
X 1989600  Y 1859400
X 1995900  Y 1863700
X 1999000  Y 1868900
X 1988100  Y 1871400
X 2007000  Y 1886000
X 1989100  Y 1892100
X 1998000  Y 1895500
X 2006000  Y 1896000
X 1999000  Y 1901000
X 2006000  Y 1902000
X 1989900  Y 1906400
X 1996000  Y 1907500
X 1989300  Y 1915300
X 2001974  Y 1919000
X 1983700  Y 1919300
X 1991800  Y 1919500
X 2004000  Y 1925500
X 1996955  Y 1926601
X 1987362  Y 1933187
X 2005000  Y 1934500
X 1984800  Y 1939600
X 2004600  Y 1941800
X 1984000  Y 1949800
X 1989800  Y 1949800
X 2003887  Y 1955071
X 1993100  Y 1959300
X 2004300  Y 1961200
X 2004100  Y 1971400
X 1983800  Y 1979900
X 1990700  Y 1982400
X 2002300  Y 1982500
X 1996800  Y 1992200
X 2004015  Y 1995627
X 2001000  Y 2000000
X 1990400  Y 2007600
X 1988800  Y 2014700
X 1995800  Y 2020100
X 2006500  Y 2030500
X 2005200  Y 2065600
X 2004900  Y 2121500
X 1997000  Y 2131000
X 2005300  Y 2152200
X 1998600  Y 2170400
X 1989400  Y 2181900
X 1989800  Y 2196400
X 1990500  Y 2214300
X 1997600  Y 2262300
X 2008000  Y 2262300
X 1991600  Y 2264100
X 1989000  Y 2282000
X 2003500  Y 2289700
X 1996100  Y 2291500
X 2007500  Y 2296100
X 2001400  Y 2308000
X 2004500  Y 2315500
X 2005000  Y 2331000
X 1988100  Y 2374100
X 1997400  Y 2392600
X 1991900  Y 2408800
X 1983800  Y 2416300
X 1994400  Y 2438300
X 2022500  Y 2436700
X 2026500  Y 2415600
X 2029900  Y 2382500
X 2029000  Y 2371900
X 2029400  Y 2342700
X 2021000  Y 2324000
X 2022500  Y 2314500
X 2009700  Y 2306600
X 2020200  Y 2303500
X 2008500  Y 2285300
X 2019100  Y 2284500
X 2013200  Y 2281200
X 2024400  Y 2281200
X 2031000  Y 2280600
X 2019600  Y 2266200
X 2028800  Y 2265300
X 2013200  Y 2264700
X 2024300  Y 2261000
X 2011400  Y 2197400
X 2013200  Y 2181900
X 2017500  Y 2178500
X 2017900  Y 2171500
X 2027000  Y 2169000
X 2023000  Y 2155500
X 2015500  Y 2150600
X 2020100  Y 2125800
X 2022700  Y 2116800
X 2027050  Y 2001250
X 2033200  Y 1989300
X 2012200  Y 1982900
X 2012233  Y 1970353
X 2013700  Y 1964500
X 2013700  Y 1955700
X 2012700  Y 1944700
X 2011600  Y 1938600
X 2030900  Y 1931400
X 2013000  Y 1927781
X 2020200  Y 1925900
X 2021600  Y 1919800
X 2013800  Y 1912400
X 2018500  Y 1907600
X 2013400  Y 1906500
X 2021510  Y 1901989
X 2019700  Y 1897000
X 2020881  Y 1889881
X 2016346  Y 1887346
X 2027700  Y 1884000
X 2019500  Y 1879500
X 2021800  Y 1873700
X 2013800  Y 1869800
X 2022400  Y 1866000
X 2028600  Y 1863600
X 2038500  Y 1906000
X 2042500  Y 1937800
X 2043100  Y 1950700
X 2051300  Y 1956800
X 2057100  Y 1963300
X 2056500  Y 1971900
X 2048200  Y 1996600
X 2033900  Y 1997600
X 2043100  Y 2027600
X 2040000  Y 2054200
X 2036700  Y 2069400
X 2043500  Y 2081600
X 2036000  Y 2096700
X 2037100  Y 2103100
X 2043500  Y 2111000
X 2039000  Y 2138300
X 2054000  Y 2148600
X 2054000  Y 2155500
X 2053600  Y 2171400
X 2053800  Y 2178300
X 2044300  Y 2187900
X 2054700  Y 2206200
X 2056800  Y 2210900
X 2055800  Y 2216700
X 2042000  Y 2222900
X 2056100  Y 2223300
X 2042200  Y 2234600
X 2057400  Y 2235500
X 2042200  Y 2257200
X 2051100  Y 2272600
X 2034700  Y 2292700
X 2046600  Y 2296100
X 2035000  Y 2405500
X 2078200  Y 2385900
X 2080200  Y 2324400
X 2081600  Y 2301300
X 2080000  Y 2283000
X 2067100  Y 2269300
X 2069100  Y 2250900
X 2059200  Y 2241600
X 2068500  Y 2227000
X 2080100  Y 2213000
X 2065500  Y 2211800
X 2062204  Y 2207204
X 2058800  Y 2202200
X 2081800  Y 2138200
X 2083300  Y 2011600
X 2064700  Y 1967400
X 2077000  Y 1928200

Drill: .03  Tool: 2  Feed: 0  Speed: 0
X 2012800  Y 1881700
X 1987209  Y 1899416
X 2012800  Y 1899416

Drill: .035  Tool: 3  Feed: 0  Speed: 0
X 1908300  Y 1886900
X 1908300  Y 1896900
X 1908300  Y 1906900
X 1908300  Y 1916900
X 1908300  Y 1926900
X 1908300  Y 1936900
X 1908300  Y 1946900
X 1908300  Y 1956900
X 1908300  Y 1966900
X 1908300  Y 1976900
X 1908300  Y 1986900
X 1908300  Y 1996900
X 1908300  Y 2006900
X 1908300  Y 2016900
X 1908300  Y 2026900
X 1908300  Y 2036900
X 1908300  Y 2046900
X 1908300  Y 2056900
X 1908300  Y 2066900
X 1908300  Y 2076900
X 1908300  Y 2086900
X 1908300  Y 2096900
X 1908300  Y 2106900
X 1908300  Y 2116900
X 1908300  Y 2126900
X 1908300  Y 2136900
X 1908300  Y 2146900
X 1908300  Y 2156900
X 1908300  Y 2166900
X 1908300  Y 2176900
X 1908300  Y 2186900
X 1908300  Y 2196900
X 1908300  Y 2206900
X 1908300  Y 2216900
X 1908300  Y 2226900
X 1908300  Y 2236900
X 1908300  Y 2246900
X 1908300  Y 2256900
X 1908300  Y 2266900
X 1908300  Y 2276900
X 1908300  Y 2286900
X 1908300  Y 2296900
X 1908300  Y 2306900
X 1908300  Y 2316900
X 1908300  Y 2326900
X 1908300  Y 2336900
X 1908300  Y 2346900
X 1908300  Y 2356900
X 1908300  Y 2366900
X 1908300  Y 2376900
X 1908300  Y 2386900
X 1908300  Y 2396900
X 1908300  Y 2406900
X 1908300  Y 2416900
X 1908300  Y 2426900
X 1908300  Y 2436900
X 1908300  Y 2446900
X 1908300  Y 2456900
X 1952709  Y 2397416
X 1978300  Y 2397416
X 1978300  Y 2379700
X 1952709  Y 2379700
X 1954500  Y 2161200
X 1974500  Y 2161200
X 1964500  Y 2161200
X 1964500  Y 2131200
X 1974500  Y 2131200
X 1954500  Y 2131200
X 1950900  Y 2069100
X 1980900  Y 2069100
X 1970900  Y 2069100
X 1960900  Y 2069100
X 1987209  Y 1881700
X 2011400  Y 2039800
X 2028600  Y 2039900
X 2011400  Y 2049800
X 2028600  Y 2049900
X 2011400  Y 2059800
X 2028600  Y 2059900
X 1990900  Y 2069100
X 2011400  Y 2069800
X 2028600  Y 2069900
X 2011400  Y 2079800
X 2028600  Y 2079900
X 2011400  Y 2089800
X 2028600  Y 2089900
X 2011400  Y 2099800
X 2028600  Y 2099900
X 2011400  Y 2109800
X 2028600  Y 2109900
X 2011400  Y 2119800
X 2028600  Y 2119900
X 2011400  Y 2129800
X 2028600  Y 2129900
X 1984500  Y 2131200
X 1984500  Y 2161200
X 2051400  Y 2125500
X 2081400  Y 2125500
X 2051400  Y 2115500
X 2081400  Y 2115500
X 2051400  Y 2105500
X 2081400  Y 2105500
X 2051400  Y 2095500
X 2081400  Y 2095500
X 2051400  Y 2085500
X 2081400  Y 2085500
X 2051400  Y 2075500
X 2081400  Y 2075500
X 2051400  Y 2065500
X 2081400  Y 2065500
X 2051400  Y 2055500
X 2081400  Y 2055500
X 2081400  Y 2045500
X 2051400  Y 2045500
X 2051400  Y 2035500
X 2081400  Y 2035500

Drill: .037  Tool: 4  Feed: 0  Speed: 0
X 2055800  Y 2299900
X 2055800  Y 2309900
X 2055800  Y 2319900
X 2055800  Y 2329900
X 2055800  Y 2339900
X 2065800  Y 2339900
X 2065800  Y 2329900
X 2065800  Y 2319900
X 2065800  Y 2309900
X 2065800  Y 2299900
X 2060800  Y 1934100
X 2070800  Y 1934100
X 2060800  Y 1924100
X 2070800  Y 1924100
X 2060800  Y 1914100
X 2070800  Y 1914100
X 2060800  Y 1904100
X 2070800  Y 1904100
X 2070800  Y 1894100
X 2060800  Y 1894100

Drill: .1875  Tool: 5  Feed: 0  Speed: 0
X 2006400  Y 2230400

End of Listing
