


ARM Macro Assembler    Page 1 


    1 00000000         ;/******************************************************
                       ***********************
    2 00000000         ; * @file:    startup_SAM3S.s
    3 00000000         ; * @purpose: CMSIS Cortex-M3 Core Device Startup File
    4 00000000         ; *           for the Atmel SAM3S Device Series
    5 00000000         ; * @version: V1.20
    6 00000000         ; * @date:    14. December 2015
    7 00000000         ; *------- <<< Use Configuration Wizard in Context Menu 
                       >>> ------------------
    8 00000000         ; *
    9 00000000         ; * Copyright (C) 2011-213 ARM Limited. All rights reser
                       ved.
   10 00000000         ; * ARM Limited (ARM) is supplying this software for use
                        with Cortex-M3
   11 00000000         ; * processor based microcontrollers.  This file can be 
                       freely distributed
   12 00000000         ; * within development tools that are supporting such AR
                       M based processors.
   13 00000000         ; *
   14 00000000         ; * THIS SOFTWARE IS PROVIDED "AS IS".  NO WARRANTIES, W
                       HETHER EXPRESS, IMPLIED
   15 00000000         ; * OR STATUTORY, INCLUDING, BUT NOT LIMITED TO, IMPLIED
                        WARRANTIES OF
   16 00000000         ; * MERCHANTABILITY AND FITNESS FOR A PARTICULAR PURPOSE
                        APPLY TO THIS SOFTWARE.
   17 00000000         ; * ARM SHALL NOT, IN ANY CIRCUMSTANCES, BE LIABLE FOR S
                       PECIAL, INCIDENTAL, OR
   18 00000000         ; * CONSEQUENTIAL DAMAGES, FOR ANY REASON WHATSOEVER.
   19 00000000         ; *
   20 00000000         ; ******************************************************
                       ***********************/
   21 00000000         
   22 00000000         
   23 00000000         ; <h> Stack Configuration
   24 00000000         ;   <o> Stack Size (in Bytes) <0x0-0xFFFFFFFF:8>
   25 00000000         ; </h>
   26 00000000         
   27 00000000 00000200 
                       Stack_Size
                               EQU              0x00000200
   28 00000000         
   29 00000000                 AREA             STACK, NOINIT, READWRITE, ALIGN
=3
   30 00000000         Stack_Mem
                               SPACE            Stack_Size
   31 00000200         __initial_sp
   32 00000200         
   33 00000200         
   34 00000200         ; <h> Heap Configuration
   35 00000200         ;   <o>  Heap Size (in Bytes) <0x0-0xFFFFFFFF:8>
   36 00000200         ; </h>
   37 00000200         
   38 00000200 00000000 
                       Heap_Size
                               EQU              0x00000000
   39 00000200         
   40 00000200                 AREA             HEAP, NOINIT, READWRITE, ALIGN=
3
   41 00000000         __heap_base



ARM Macro Assembler    Page 2 


   42 00000000         Heap_Mem
                               SPACE            Heap_Size
   43 00000000         __heap_limit
   44 00000000         
   45 00000000         
   46 00000000                 PRESERVE8
   47 00000000                 THUMB
   48 00000000         
   49 00000000         
   50 00000000         ; Vector Table Mapped to Address 0 at Reset
   51 00000000         
   52 00000000                 AREA             RESET, DATA, READONLY
   53 00000000                 EXPORT           __Vectors
   54 00000000         
   55 00000000 00000000 
                       __Vectors
                               DCD              __initial_sp ;  0: Top of Stack
                                                            
   56 00000004 00000000        DCD              Reset_Handler 
                                                            ;  1: Reset Handler
                                                            
   57 00000008 00000000        DCD              NMI_Handler ;  2: NMI Handler
   58 0000000C 00000000        DCD              HardFault_Handler ;  3: Hard Fa
                                                            ult Handler
   59 00000010 00000000        DCD              MemManage_Handler ;  4: MPU Fau
                                                            lt Handler
   60 00000014 00000000        DCD              BusFault_Handler ;  5: Bus Faul
                                                            t Handler
   61 00000018 00000000        DCD              UsageFault_Handler ;  6: Usage 
                                                            Fault Handler
   62 0000001C 00000000        DCD              0           ;  7: Reserved
   63 00000020 00000000        DCD              0           ;  8: Reserved
   64 00000024 00000000        DCD              0           ;  9: Reserved
   65 00000028 00000000        DCD              0           ; 10: Reserved
   66 0000002C 00000000        DCD              SVC_Handler ; 11: SVCall Handle
                                                            r
   67 00000030 00000000        DCD              DebugMon_Handler ; 12: Debug Mo
                                                            nitor Handler
   68 00000034 00000000        DCD              0           ; 13: Reserved
   69 00000038 00000000        DCD              PendSV_Handler ; 14: PendSV Han
                                                            dler
   70 0000003C 00000000        DCD              SysTick_Handler ; 15: SysTick H
                                                            andler
   71 00000040         
   72 00000040         ; External Interrupts
   73 00000040 00000000        DCD              SUPC_IRQHandler ;  0: Supply Co
                                                            ntroller
   74 00000044 00000000        DCD              RSTC_IRQHandler ;  1: Reset Con
                                                            troller
   75 00000048 00000000        DCD              RTC_IRQHandler ;  2: Real Time 
                                                            Clock
   76 0000004C 00000000        DCD              RTT_IRQHandler ;  3: Real Time 
                                                            Timer
   77 00000050 00000000        DCD              WDT_IRQHandler ;  4: Watchdog T
                                                            imer
   78 00000054 00000000        DCD              PMC_IRQHandler ;  5: Power Mana
                                                            gement Controller
   79 00000058 00000000        DCD              EEFC_IRQHandler ;  6: Enhanced 
                                                            Embedded Flash Cont



ARM Macro Assembler    Page 3 


                                                            roller
   80 0000005C 00000000        DCD              0           ;  7: Reserved
   81 00000060 00000000        DCD              UART0_IRQHandler ;  8: UART0
   82 00000064 00000000        DCD              UART1_IRQHandler ;  9: UART1
   83 00000068 00000000        DCD              0           ; 10: Reserved
   84 0000006C 00000000        DCD              PIOA_IRQHandler ; 11: Parallel 
                                                            I/O Controller A
   85 00000070 00000000        DCD              PIOB_IRQHandler ; 12: Parallel 
                                                            I/O Controller B
   86 00000074 00000000        DCD              PIOC_IRQHandler ; 13: Parallel 
                                                            I/O Controller C
   87 00000078 00000000        DCD              USART0_IRQHandler ; 14: USART 0
                                                            
   88 0000007C 00000000        DCD              USART1_IRQHandler ; 15: USART 1
                                                            
   89 00000080 00000000        DCD              0           ; 16: Reserved
   90 00000084 00000000        DCD              0           ; 17: Reserved
   91 00000088 00000000        DCD              HSMCI_IRQHandler ; 18: Multimed
                                                            ia Card Interface
   92 0000008C 00000000        DCD              TWI0_IRQHandler ; 19: Two Wire 
                                                            Interface 0
   93 00000090 00000000        DCD              TWI1_IRQHandler ; 20: Two Wire 
                                                            Interface 1
   94 00000094 00000000        DCD              SPI_IRQHandler ; 21: Serial Per
                                                            ipheral Interface
   95 00000098 00000000        DCD              SSC_IRQHandler ; 22: Synchronou
                                                            s Serial Controller
                                                            
   96 0000009C 00000000        DCD              TC0_IRQHandler ; 23: Timer/Coun
                                                            ter 0
   97 000000A0 00000000        DCD              TC1_IRQHandler ; 24: Timer/Coun
                                                            ter 1
   98 000000A4 00000000        DCD              TC2_IRQHandler ; 25: Timer/Coun
                                                            ter 2
   99 000000A8 00000000        DCD              TC3_IRQHandler ; 26: Timer/Coun
                                                            ter 3
  100 000000AC 00000000        DCD              TC4_IRQHandler ; 27: Timer/Coun
                                                            ter 4
  101 000000B0 00000000        DCD              TC5_IRQHandler ; 28: Timer/Coun
                                                            ter 5
  102 000000B4 00000000        DCD              ADC_IRQHandler ; 29: Analog-to-
                                                            Digital Converter
  103 000000B8 00000000        DCD              DACC_IRQHandler ; 30: Digital-t
                                                            o-Analog Converter
  104 000000BC 00000000        DCD              PWM_IRQHandler ; 31: Pulse Widt
                                                            h Modulation
  105 000000C0 00000000        DCD              CRCCU_IRQHandler ; 32: CRC Calc
                                                            ulation Unit
  106 000000C4 00000000        DCD              ACC_IRQHandler ; 33: Analog Com
                                                            parator
  107 000000C8 00000000        DCD              UDP_IRQHandler ; 34: USB Device
                                                             Port
  108 000000CC         
  109 000000CC                 AREA             |.text|, CODE, READONLY
  110 00000000         
  111 00000000         
  112 00000000         ; Reset Handler
  113 00000000         
  114 00000000         Reset_Handler



ARM Macro Assembler    Page 4 


                               PROC
  115 00000000                 EXPORT           Reset_Handler             [WEAK
]
  116 00000000                 IMPORT           SystemInit
  117 00000000                 IMPORT           __main
  118 00000000 4809            LDR              R0, =SystemInit
  119 00000002 4780            BLX              R0
  120 00000004 4809            LDR              R0, =__main
  121 00000006 4700            BX               R0
  122 00000008                 ENDP
  123 00000008         
  124 00000008         
  125 00000008         ; Dummy Exception Handlers (infinite loops which can be 
                       modified)
  126 00000008         
  127 00000008         NMI_Handler
                               PROC
  128 00000008                 EXPORT           NMI_Handler               [WEAK
]
  129 00000008 E7FE            B                .
  130 0000000A                 ENDP
  132 0000000A         HardFault_Handler
                               PROC
  133 0000000A                 EXPORT           HardFault_Handler         [WEAK
]
  134 0000000A E7FE            B                .
  135 0000000C                 ENDP
  137 0000000C         MemManage_Handler
                               PROC
  138 0000000C                 EXPORT           MemManage_Handler         [WEAK
]
  139 0000000C E7FE            B                .
  140 0000000E                 ENDP
  142 0000000E         BusFault_Handler
                               PROC
  143 0000000E                 EXPORT           BusFault_Handler          [WEAK
]
  144 0000000E E7FE            B                .
  145 00000010                 ENDP
  147 00000010         UsageFault_Handler
                               PROC
  148 00000010                 EXPORT           UsageFault_Handler        [WEAK
]
  149 00000010 E7FE            B                .
  150 00000012                 ENDP
  151 00000012         SVC_Handler
                               PROC
  152 00000012                 EXPORT           SVC_Handler               [WEAK
]
  153 00000012 E7FE            B                .
  154 00000014                 ENDP
  156 00000014         DebugMon_Handler
                               PROC
  157 00000014                 EXPORT           DebugMon_Handler          [WEAK
]
  158 00000014 E7FE            B                .
  159 00000016                 ENDP
  160 00000016         PendSV_Handler
                               PROC



ARM Macro Assembler    Page 5 


  161 00000016                 EXPORT           PendSV_Handler            [WEAK
]
  162 00000016 E7FE            B                .
  163 00000018                 ENDP
  164 00000018         SysTick_Handler
                               PROC
  165 00000018                 EXPORT           SysTick_Handler           [WEAK
]
  166 00000018 E7FE            B                .
  167 0000001A                 ENDP
  168 0000001A         
  169 0000001A         Default_Handler
                               PROC
  170 0000001A         
  171 0000001A                 EXPORT           SUPC_IRQHandler           [WEAK
]
  172 0000001A                 EXPORT           RSTC_IRQHandler           [WEAK
]
  173 0000001A                 EXPORT           RTC_IRQHandler            [WEAK
]
  174 0000001A                 EXPORT           RTT_IRQHandler            [WEAK
]
  175 0000001A                 EXPORT           WDT_IRQHandler            [WEAK
]
  176 0000001A                 EXPORT           PMC_IRQHandler            [WEAK
]
  177 0000001A                 EXPORT           EEFC_IRQHandler           [WEAK
]
  178 0000001A                 EXPORT           UART0_IRQHandler          [WEAK
]
  179 0000001A                 EXPORT           UART1_IRQHandler          [WEAK
]
  180 0000001A                 EXPORT           SMC_IRQHandler            [WEAK
]
  181 0000001A                 EXPORT           PIOA_IRQHandler           [WEAK
]
  182 0000001A                 EXPORT           PIOB_IRQHandler           [WEAK
]
  183 0000001A                 EXPORT           PIOC_IRQHandler           [WEAK
]
  184 0000001A                 EXPORT           USART0_IRQHandler         [WEAK
]
  185 0000001A                 EXPORT           USART1_IRQHandler         [WEAK
]
  186 0000001A                 EXPORT           HSMCI_IRQHandler          [WEAK
]
  187 0000001A                 EXPORT           TWI0_IRQHandler           [WEAK
]
  188 0000001A                 EXPORT           TWI1_IRQHandler           [WEAK
]
  189 0000001A                 EXPORT           SPI_IRQHandler            [WEAK
]
  190 0000001A                 EXPORT           SSC_IRQHandler            [WEAK
]
  191 0000001A                 EXPORT           TC0_IRQHandler            [WEAK
]
  192 0000001A                 EXPORT           TC1_IRQHandler            [WEAK
]
  193 0000001A                 EXPORT           TC2_IRQHandler            [WEAK



ARM Macro Assembler    Page 6 


]
  194 0000001A                 EXPORT           TC3_IRQHandler            [WEAK
]
  195 0000001A                 EXPORT           TC4_IRQHandler            [WEAK
]
  196 0000001A                 EXPORT           TC5_IRQHandler            [WEAK
]
  197 0000001A                 EXPORT           ADC_IRQHandler            [WEAK
]
  198 0000001A                 EXPORT           DACC_IRQHandler           [WEAK
]
  199 0000001A                 EXPORT           PWM_IRQHandler            [WEAK
]
  200 0000001A                 EXPORT           CRCCU_IRQHandler          [WEAK
]
  201 0000001A                 EXPORT           ACC_IRQHandler            [WEAK
]
  202 0000001A                 EXPORT           UDP_IRQHandler            [WEAK
]
  203 0000001A         
  204 0000001A         SUPC_IRQHandler
  205 0000001A         RSTC_IRQHandler
  206 0000001A         RTC_IRQHandler
  207 0000001A         RTT_IRQHandler
  208 0000001A         WDT_IRQHandler
  209 0000001A         PMC_IRQHandler
  210 0000001A         EEFC_IRQHandler
  211 0000001A         UART0_IRQHandler
  212 0000001A         UART1_IRQHandler
  213 0000001A         SMC_IRQHandler
  214 0000001A         PIOA_IRQHandler
  215 0000001A         PIOB_IRQHandler
  216 0000001A         PIOC_IRQHandler
  217 0000001A         USART0_IRQHandler
  218 0000001A         USART1_IRQHandler
  219 0000001A         HSMCI_IRQHandler
  220 0000001A         TWI0_IRQHandler
  221 0000001A         TWI1_IRQHandler
  222 0000001A         SPI_IRQHandler
  223 0000001A         SSC_IRQHandler
  224 0000001A         TC0_IRQHandler
  225 0000001A         TC1_IRQHandler
  226 0000001A         TC2_IRQHandler
  227 0000001A         TC3_IRQHandler
  228 0000001A         TC4_IRQHandler
  229 0000001A         TC5_IRQHandler
  230 0000001A         ADC_IRQHandler
  231 0000001A         DACC_IRQHandler
  232 0000001A         PWM_IRQHandler
  233 0000001A         CRCCU_IRQHandler
  234 0000001A         ACC_IRQHandler
  235 0000001A         UDP_IRQHandler
  236 0000001A E7FE            B                .
  237 0000001C         
  238 0000001C                 ENDP
  239 0000001C         
  240 0000001C         
  241 0000001C                 ALIGN
  242 0000001C         



ARM Macro Assembler    Page 7 


  243 0000001C         
  244 0000001C         ; User Initial Stack & Heap
  245 0000001C         
  246 0000001C                 IF               :DEF:__MICROLIB
  253 0000001C         
  254 0000001C                 IMPORT           __use_two_region_memory
  255 0000001C                 EXPORT           __user_initial_stackheap
  256 0000001C         __user_initial_stackheap
  257 0000001C         
  258 0000001C 4804            LDR              R0, =  Heap_Mem
  259 0000001E 4905            LDR              R1, =(Stack_Mem + Stack_Size)
  260 00000020 4A03            LDR              R2, = (Heap_Mem +  Heap_Size)
  261 00000022 4B05            LDR              R3, = Stack_Mem
  262 00000024 4770            BX               LR
  263 00000026         
  264 00000026 00 00           ALIGN
  265 00000028         
  266 00000028                 ENDIF
  267 00000028         
  268 00000028         
  269 00000028                 END
              00000000 
              00000000 
              00000000 
              00000200 
              00000000 
Command Line: --debug --xref --diag_suppress=9931 --cpu=Cortex-M3 --apcs=interw
ork --depend=.\objects\startup_sam3s.d -o.\objects\startup_sam3s.o -I.\RTE\_Tar
get_1 -I"C:\Users\Kaveh Pezeshki\AppData\Local\Arm\Packs\ARM\CMSIS\5.5.1\CMSIS\
Core\Include" -I"C:\Users\Kaveh Pezeshki\AppData\Local\Arm\Packs\Atmel\SAM3S_DF
P\1.0.70\sam3s\include" --predefine="__EVAL SETA 1" --predefine="__UVISION_VERS
ION SETA 527" --predefine="_RTE_ SETA 1" --predefine="__SAM3S4B__ SETA 1" --lis
t=.\listings\startup_sam3s.lst RTE\Device\ATSAM3S4B\startup_SAM3S.s



ARM Macro Assembler    Page 1 Alphabetic symbol ordering
Relocatable symbols

STACK 00000000

Symbol: STACK
   Definitions
      At line 29 in file RTE\Device\ATSAM3S4B\startup_SAM3S.s
   Uses
      None
Comment: STACK unused
Stack_Mem 00000000

Symbol: Stack_Mem
   Definitions
      At line 30 in file RTE\Device\ATSAM3S4B\startup_SAM3S.s
   Uses
      At line 259 in file RTE\Device\ATSAM3S4B\startup_SAM3S.s
      At line 261 in file RTE\Device\ATSAM3S4B\startup_SAM3S.s

__initial_sp 00000200

Symbol: __initial_sp
   Definitions
      At line 31 in file RTE\Device\ATSAM3S4B\startup_SAM3S.s
   Uses
      At line 55 in file RTE\Device\ATSAM3S4B\startup_SAM3S.s
Comment: __initial_sp used once
3 symbols



ARM Macro Assembler    Page 1 Alphabetic symbol ordering
Relocatable symbols

HEAP 00000000

Symbol: HEAP
   Definitions
      At line 40 in file RTE\Device\ATSAM3S4B\startup_SAM3S.s
   Uses
      None
Comment: HEAP unused
Heap_Mem 00000000

Symbol: Heap_Mem
   Definitions
      At line 42 in file RTE\Device\ATSAM3S4B\startup_SAM3S.s
   Uses
      At line 258 in file RTE\Device\ATSAM3S4B\startup_SAM3S.s
      At line 260 in file RTE\Device\ATSAM3S4B\startup_SAM3S.s

__heap_base 00000000

Symbol: __heap_base
   Definitions
      At line 41 in file RTE\Device\ATSAM3S4B\startup_SAM3S.s
   Uses
      None
Comment: __heap_base unused
__heap_limit 00000000

Symbol: __heap_limit
   Definitions
      At line 43 in file RTE\Device\ATSAM3S4B\startup_SAM3S.s
   Uses
      None
Comment: __heap_limit unused
4 symbols



ARM Macro Assembler    Page 1 Alphabetic symbol ordering
Relocatable symbols

RESET 00000000

Symbol: RESET
   Definitions
      At line 52 in file RTE\Device\ATSAM3S4B\startup_SAM3S.s
   Uses
      None
Comment: RESET unused
__Vectors 00000000

Symbol: __Vectors
   Definitions
      At line 55 in file RTE\Device\ATSAM3S4B\startup_SAM3S.s
   Uses
      At line 53 in file RTE\Device\ATSAM3S4B\startup_SAM3S.s
Comment: __Vectors used once
2 symbols



ARM Macro Assembler    Page 1 Alphabetic symbol ordering
Relocatable symbols

.text 00000000

Symbol: .text
   Definitions
      At line 109 in file RTE\Device\ATSAM3S4B\startup_SAM3S.s
   Uses
      None
Comment: .text unused
ACC_IRQHandler 0000001A

Symbol: ACC_IRQHandler
   Definitions
      At line 234 in file RTE\Device\ATSAM3S4B\startup_SAM3S.s
   Uses
      At line 106 in file RTE\Device\ATSAM3S4B\startup_SAM3S.s
      At line 201 in file RTE\Device\ATSAM3S4B\startup_SAM3S.s

ADC_IRQHandler 0000001A

Symbol: ADC_IRQHandler
   Definitions
      At line 230 in file RTE\Device\ATSAM3S4B\startup_SAM3S.s
   Uses
      At line 102 in file RTE\Device\ATSAM3S4B\startup_SAM3S.s
      At line 197 in file RTE\Device\ATSAM3S4B\startup_SAM3S.s

BusFault_Handler 0000000E

Symbol: BusFault_Handler
   Definitions
      At line 142 in file RTE\Device\ATSAM3S4B\startup_SAM3S.s
   Uses
      At line 60 in file RTE\Device\ATSAM3S4B\startup_SAM3S.s
      At line 143 in file RTE\Device\ATSAM3S4B\startup_SAM3S.s

CRCCU_IRQHandler 0000001A

Symbol: CRCCU_IRQHandler
   Definitions
      At line 233 in file RTE\Device\ATSAM3S4B\startup_SAM3S.s
   Uses
      At line 105 in file RTE\Device\ATSAM3S4B\startup_SAM3S.s
      At line 200 in file RTE\Device\ATSAM3S4B\startup_SAM3S.s

DACC_IRQHandler 0000001A

Symbol: DACC_IRQHandler
   Definitions
      At line 231 in file RTE\Device\ATSAM3S4B\startup_SAM3S.s
   Uses
      At line 103 in file RTE\Device\ATSAM3S4B\startup_SAM3S.s
      At line 198 in file RTE\Device\ATSAM3S4B\startup_SAM3S.s

DebugMon_Handler 00000014

Symbol: DebugMon_Handler
   Definitions
      At line 156 in file RTE\Device\ATSAM3S4B\startup_SAM3S.s
   Uses



ARM Macro Assembler    Page 2 Alphabetic symbol ordering
Relocatable symbols

      At line 67 in file RTE\Device\ATSAM3S4B\startup_SAM3S.s
      At line 157 in file RTE\Device\ATSAM3S4B\startup_SAM3S.s

Default_Handler 0000001A

Symbol: Default_Handler
   Definitions
      At line 169 in file RTE\Device\ATSAM3S4B\startup_SAM3S.s
   Uses
      None
Comment: Default_Handler unused
EEFC_IRQHandler 0000001A

Symbol: EEFC_IRQHandler
   Definitions
      At line 210 in file RTE\Device\ATSAM3S4B\startup_SAM3S.s
   Uses
      At line 79 in file RTE\Device\ATSAM3S4B\startup_SAM3S.s
      At line 177 in file RTE\Device\ATSAM3S4B\startup_SAM3S.s

HSMCI_IRQHandler 0000001A

Symbol: HSMCI_IRQHandler
   Definitions
      At line 219 in file RTE\Device\ATSAM3S4B\startup_SAM3S.s
   Uses
      At line 91 in file RTE\Device\ATSAM3S4B\startup_SAM3S.s
      At line 186 in file RTE\Device\ATSAM3S4B\startup_SAM3S.s

HardFault_Handler 0000000A

Symbol: HardFault_Handler
   Definitions
      At line 132 in file RTE\Device\ATSAM3S4B\startup_SAM3S.s
   Uses
      At line 58 in file RTE\Device\ATSAM3S4B\startup_SAM3S.s
      At line 133 in file RTE\Device\ATSAM3S4B\startup_SAM3S.s

MemManage_Handler 0000000C

Symbol: MemManage_Handler
   Definitions
      At line 137 in file RTE\Device\ATSAM3S4B\startup_SAM3S.s
   Uses
      At line 59 in file RTE\Device\ATSAM3S4B\startup_SAM3S.s
      At line 138 in file RTE\Device\ATSAM3S4B\startup_SAM3S.s

NMI_Handler 00000008

Symbol: NMI_Handler
   Definitions
      At line 127 in file RTE\Device\ATSAM3S4B\startup_SAM3S.s
   Uses
      At line 57 in file RTE\Device\ATSAM3S4B\startup_SAM3S.s
      At line 128 in file RTE\Device\ATSAM3S4B\startup_SAM3S.s

PIOA_IRQHandler 0000001A

Symbol: PIOA_IRQHandler



ARM Macro Assembler    Page 3 Alphabetic symbol ordering
Relocatable symbols

   Definitions
      At line 214 in file RTE\Device\ATSAM3S4B\startup_SAM3S.s
   Uses
      At line 84 in file RTE\Device\ATSAM3S4B\startup_SAM3S.s
      At line 181 in file RTE\Device\ATSAM3S4B\startup_SAM3S.s

PIOB_IRQHandler 0000001A

Symbol: PIOB_IRQHandler
   Definitions
      At line 215 in file RTE\Device\ATSAM3S4B\startup_SAM3S.s
   Uses
      At line 85 in file RTE\Device\ATSAM3S4B\startup_SAM3S.s
      At line 182 in file RTE\Device\ATSAM3S4B\startup_SAM3S.s

PIOC_IRQHandler 0000001A

Symbol: PIOC_IRQHandler
   Definitions
      At line 216 in file RTE\Device\ATSAM3S4B\startup_SAM3S.s
   Uses
      At line 86 in file RTE\Device\ATSAM3S4B\startup_SAM3S.s
      At line 183 in file RTE\Device\ATSAM3S4B\startup_SAM3S.s

PMC_IRQHandler 0000001A

Symbol: PMC_IRQHandler
   Definitions
      At line 209 in file RTE\Device\ATSAM3S4B\startup_SAM3S.s
   Uses
      At line 78 in file RTE\Device\ATSAM3S4B\startup_SAM3S.s
      At line 176 in file RTE\Device\ATSAM3S4B\startup_SAM3S.s

PWM_IRQHandler 0000001A

Symbol: PWM_IRQHandler
   Definitions
      At line 232 in file RTE\Device\ATSAM3S4B\startup_SAM3S.s
   Uses
      At line 104 in file RTE\Device\ATSAM3S4B\startup_SAM3S.s
      At line 199 in file RTE\Device\ATSAM3S4B\startup_SAM3S.s

PendSV_Handler 00000016

Symbol: PendSV_Handler
   Definitions
      At line 160 in file RTE\Device\ATSAM3S4B\startup_SAM3S.s
   Uses
      At line 69 in file RTE\Device\ATSAM3S4B\startup_SAM3S.s
      At line 161 in file RTE\Device\ATSAM3S4B\startup_SAM3S.s

RSTC_IRQHandler 0000001A

Symbol: RSTC_IRQHandler
   Definitions
      At line 205 in file RTE\Device\ATSAM3S4B\startup_SAM3S.s
   Uses
      At line 74 in file RTE\Device\ATSAM3S4B\startup_SAM3S.s
      At line 172 in file RTE\Device\ATSAM3S4B\startup_SAM3S.s



ARM Macro Assembler    Page 4 Alphabetic symbol ordering
Relocatable symbols


RTC_IRQHandler 0000001A

Symbol: RTC_IRQHandler
   Definitions
      At line 206 in file RTE\Device\ATSAM3S4B\startup_SAM3S.s
   Uses
      At line 75 in file RTE\Device\ATSAM3S4B\startup_SAM3S.s
      At line 173 in file RTE\Device\ATSAM3S4B\startup_SAM3S.s

RTT_IRQHandler 0000001A

Symbol: RTT_IRQHandler
   Definitions
      At line 207 in file RTE\Device\ATSAM3S4B\startup_SAM3S.s
   Uses
      At line 76 in file RTE\Device\ATSAM3S4B\startup_SAM3S.s
      At line 174 in file RTE\Device\ATSAM3S4B\startup_SAM3S.s

Reset_Handler 00000000

Symbol: Reset_Handler
   Definitions
      At line 114 in file RTE\Device\ATSAM3S4B\startup_SAM3S.s
   Uses
      At line 56 in file RTE\Device\ATSAM3S4B\startup_SAM3S.s
      At line 115 in file RTE\Device\ATSAM3S4B\startup_SAM3S.s

SMC_IRQHandler 0000001A

Symbol: SMC_IRQHandler
   Definitions
      At line 213 in file RTE\Device\ATSAM3S4B\startup_SAM3S.s
   Uses
      At line 180 in file RTE\Device\ATSAM3S4B\startup_SAM3S.s
Comment: SMC_IRQHandler used once
SPI_IRQHandler 0000001A

Symbol: SPI_IRQHandler
   Definitions
      At line 222 in file RTE\Device\ATSAM3S4B\startup_SAM3S.s
   Uses
      At line 94 in file RTE\Device\ATSAM3S4B\startup_SAM3S.s
      At line 189 in file RTE\Device\ATSAM3S4B\startup_SAM3S.s

SSC_IRQHandler 0000001A

Symbol: SSC_IRQHandler
   Definitions
      At line 223 in file RTE\Device\ATSAM3S4B\startup_SAM3S.s
   Uses
      At line 95 in file RTE\Device\ATSAM3S4B\startup_SAM3S.s
      At line 190 in file RTE\Device\ATSAM3S4B\startup_SAM3S.s

SUPC_IRQHandler 0000001A

Symbol: SUPC_IRQHandler
   Definitions
      At line 204 in file RTE\Device\ATSAM3S4B\startup_SAM3S.s



ARM Macro Assembler    Page 5 Alphabetic symbol ordering
Relocatable symbols

   Uses
      At line 73 in file RTE\Device\ATSAM3S4B\startup_SAM3S.s
      At line 171 in file RTE\Device\ATSAM3S4B\startup_SAM3S.s

SVC_Handler 00000012

Symbol: SVC_Handler
   Definitions
      At line 151 in file RTE\Device\ATSAM3S4B\startup_SAM3S.s
   Uses
      At line 66 in file RTE\Device\ATSAM3S4B\startup_SAM3S.s
      At line 152 in file RTE\Device\ATSAM3S4B\startup_SAM3S.s

SysTick_Handler 00000018

Symbol: SysTick_Handler
   Definitions
      At line 164 in file RTE\Device\ATSAM3S4B\startup_SAM3S.s
   Uses
      At line 70 in file RTE\Device\ATSAM3S4B\startup_SAM3S.s
      At line 165 in file RTE\Device\ATSAM3S4B\startup_SAM3S.s

TC0_IRQHandler 0000001A

Symbol: TC0_IRQHandler
   Definitions
      At line 224 in file RTE\Device\ATSAM3S4B\startup_SAM3S.s
   Uses
      At line 96 in file RTE\Device\ATSAM3S4B\startup_SAM3S.s
      At line 191 in file RTE\Device\ATSAM3S4B\startup_SAM3S.s

TC1_IRQHandler 0000001A

Symbol: TC1_IRQHandler
   Definitions
      At line 225 in file RTE\Device\ATSAM3S4B\startup_SAM3S.s
   Uses
      At line 97 in file RTE\Device\ATSAM3S4B\startup_SAM3S.s
      At line 192 in file RTE\Device\ATSAM3S4B\startup_SAM3S.s

TC2_IRQHandler 0000001A

Symbol: TC2_IRQHandler
   Definitions
      At line 226 in file RTE\Device\ATSAM3S4B\startup_SAM3S.s
   Uses
      At line 98 in file RTE\Device\ATSAM3S4B\startup_SAM3S.s
      At line 193 in file RTE\Device\ATSAM3S4B\startup_SAM3S.s

TC3_IRQHandler 0000001A

Symbol: TC3_IRQHandler
   Definitions
      At line 227 in file RTE\Device\ATSAM3S4B\startup_SAM3S.s
   Uses
      At line 99 in file RTE\Device\ATSAM3S4B\startup_SAM3S.s
      At line 194 in file RTE\Device\ATSAM3S4B\startup_SAM3S.s

TC4_IRQHandler 0000001A



ARM Macro Assembler    Page 6 Alphabetic symbol ordering
Relocatable symbols


Symbol: TC4_IRQHandler
   Definitions
      At line 228 in file RTE\Device\ATSAM3S4B\startup_SAM3S.s
   Uses
      At line 100 in file RTE\Device\ATSAM3S4B\startup_SAM3S.s
      At line 195 in file RTE\Device\ATSAM3S4B\startup_SAM3S.s

TC5_IRQHandler 0000001A

Symbol: TC5_IRQHandler
   Definitions
      At line 229 in file RTE\Device\ATSAM3S4B\startup_SAM3S.s
   Uses
      At line 101 in file RTE\Device\ATSAM3S4B\startup_SAM3S.s
      At line 196 in file RTE\Device\ATSAM3S4B\startup_SAM3S.s

TWI0_IRQHandler 0000001A

Symbol: TWI0_IRQHandler
   Definitions
      At line 220 in file RTE\Device\ATSAM3S4B\startup_SAM3S.s
   Uses
      At line 92 in file RTE\Device\ATSAM3S4B\startup_SAM3S.s
      At line 187 in file RTE\Device\ATSAM3S4B\startup_SAM3S.s

TWI1_IRQHandler 0000001A

Symbol: TWI1_IRQHandler
   Definitions
      At line 221 in file RTE\Device\ATSAM3S4B\startup_SAM3S.s
   Uses
      At line 93 in file RTE\Device\ATSAM3S4B\startup_SAM3S.s
      At line 188 in file RTE\Device\ATSAM3S4B\startup_SAM3S.s

UART0_IRQHandler 0000001A

Symbol: UART0_IRQHandler
   Definitions
      At line 211 in file RTE\Device\ATSAM3S4B\startup_SAM3S.s
   Uses
      At line 81 in file RTE\Device\ATSAM3S4B\startup_SAM3S.s
      At line 178 in file RTE\Device\ATSAM3S4B\startup_SAM3S.s

UART1_IRQHandler 0000001A

Symbol: UART1_IRQHandler
   Definitions
      At line 212 in file RTE\Device\ATSAM3S4B\startup_SAM3S.s
   Uses
      At line 82 in file RTE\Device\ATSAM3S4B\startup_SAM3S.s
      At line 179 in file RTE\Device\ATSAM3S4B\startup_SAM3S.s

UDP_IRQHandler 0000001A

Symbol: UDP_IRQHandler
   Definitions
      At line 235 in file RTE\Device\ATSAM3S4B\startup_SAM3S.s
   Uses



ARM Macro Assembler    Page 7 Alphabetic symbol ordering
Relocatable symbols

      At line 107 in file RTE\Device\ATSAM3S4B\startup_SAM3S.s
      At line 202 in file RTE\Device\ATSAM3S4B\startup_SAM3S.s

USART0_IRQHandler 0000001A

Symbol: USART0_IRQHandler
   Definitions
      At line 217 in file RTE\Device\ATSAM3S4B\startup_SAM3S.s
   Uses
      At line 87 in file RTE\Device\ATSAM3S4B\startup_SAM3S.s
      At line 184 in file RTE\Device\ATSAM3S4B\startup_SAM3S.s

USART1_IRQHandler 0000001A

Symbol: USART1_IRQHandler
   Definitions
      At line 218 in file RTE\Device\ATSAM3S4B\startup_SAM3S.s
   Uses
      At line 88 in file RTE\Device\ATSAM3S4B\startup_SAM3S.s
      At line 185 in file RTE\Device\ATSAM3S4B\startup_SAM3S.s

UsageFault_Handler 00000010

Symbol: UsageFault_Handler
   Definitions
      At line 147 in file RTE\Device\ATSAM3S4B\startup_SAM3S.s
   Uses
      At line 61 in file RTE\Device\ATSAM3S4B\startup_SAM3S.s
      At line 148 in file RTE\Device\ATSAM3S4B\startup_SAM3S.s

WDT_IRQHandler 0000001A

Symbol: WDT_IRQHandler
   Definitions
      At line 208 in file RTE\Device\ATSAM3S4B\startup_SAM3S.s
   Uses
      At line 77 in file RTE\Device\ATSAM3S4B\startup_SAM3S.s
      At line 175 in file RTE\Device\ATSAM3S4B\startup_SAM3S.s

__user_initial_stackheap 0000001C

Symbol: __user_initial_stackheap
   Definitions
      At line 256 in file RTE\Device\ATSAM3S4B\startup_SAM3S.s
   Uses
      At line 255 in file RTE\Device\ATSAM3S4B\startup_SAM3S.s
Comment: __user_initial_stackheap used once
45 symbols



ARM Macro Assembler    Page 1 Alphabetic symbol ordering
Absolute symbols

Heap_Size 00000000

Symbol: Heap_Size
   Definitions
      At line 38 in file RTE\Device\ATSAM3S4B\startup_SAM3S.s
   Uses
      At line 42 in file RTE\Device\ATSAM3S4B\startup_SAM3S.s
      At line 260 in file RTE\Device\ATSAM3S4B\startup_SAM3S.s

Stack_Size 00000200

Symbol: Stack_Size
   Definitions
      At line 27 in file RTE\Device\ATSAM3S4B\startup_SAM3S.s
   Uses
      At line 30 in file RTE\Device\ATSAM3S4B\startup_SAM3S.s
      At line 259 in file RTE\Device\ATSAM3S4B\startup_SAM3S.s

2 symbols



ARM Macro Assembler    Page 1 Alphabetic symbol ordering
External symbols

SystemInit 00000000

Symbol: SystemInit
   Definitions
      At line 116 in file RTE\Device\ATSAM3S4B\startup_SAM3S.s
   Uses
      At line 118 in file RTE\Device\ATSAM3S4B\startup_SAM3S.s
Comment: SystemInit used once
__main 00000000

Symbol: __main
   Definitions
      At line 117 in file RTE\Device\ATSAM3S4B\startup_SAM3S.s
   Uses
      At line 120 in file RTE\Device\ATSAM3S4B\startup_SAM3S.s
Comment: __main used once
__use_two_region_memory 00000000

Symbol: __use_two_region_memory
   Definitions
      At line 254 in file RTE\Device\ATSAM3S4B\startup_SAM3S.s
   Uses
      None
Comment: __use_two_region_memory unused
3 symbols
397 symbols in table
